0 verbose cli C:\Program Files\nodejs\node.exe C:\Users\Douglas\.npm-global\node_modules\npm\bin\npm-cli.js
1 info using npm@11.4.0
2 info using node@v22.14.0
3 silly config load:file:C:\Users\Douglas\.npm-global\node_modules\npm\npmrc
4 silly config load:file:C:\projetos\sys-rbx-frontend\.npmrc
5 silly config load:file:C:\Users\Douglas\.npmrc
6 silly config load:file:C:\Users\Douglas\.npm-global\etc\npmrc
7 verbose title npm install qs
8 verbose argv "install" "qs"
9 verbose logfile logs-max:10 dir:C:\projetos\sys-rbx-frontend\UsersDouglasAppDataRoamingnpm-cache\_logs\2025-06-16T16_27_25_841Z-
10 verbose logfile C:\projetos\sys-rbx-frontend\UsersDouglasAppDataRoamingnpm-cache\_logs\2025-06-16T16_27_25_841Z-debug-0.log
11 silly logfile done cleaning log files
12 silly packumentCache heap:4345298944 maxSize:1086324736 maxEntrySize:543162368
13 silly idealTree buildDeps
14 silly fetch manifest qs@*
15 silly packumentCache full:https://registry.npmjs.org/qs cache-miss
16 verbose shrinkwrap failed to load node_modules/.package-lock.json out of date, updated: node_modules
17 http fetch GET 200 https://registry.npmjs.org/qs 867ms (cache miss)
18 silly packumentCache full:https://registry.npmjs.org/qs set size:undefined disposed:false
19 silly placeDep ROOT qs@6.14.0 OK for: sys-rbx-frontend@0.1.0 want: *
20 silly fetch manifest side-channel@^1.1.0
21 silly packumentCache full:https://registry.npmjs.org/side-channel cache-miss
22 http fetch GET 200 https://registry.npmjs.org/side-channel 44ms (cache miss)
23 silly packumentCache full:https://registry.npmjs.org/side-channel set size:undefined disposed:false
24 silly placeDep ROOT side-channel@1.1.0 REPLACE for: qs@6.14.0 want: ^1.1.0
25 silly fetch manifest object-inspect@^1.13.3
26 silly packumentCache full:https://registry.npmjs.org/object-inspect cache-miss
27 silly fetch manifest side-channel-list@^1.0.0
28 silly packumentCache full:https://registry.npmjs.org/side-channel-list cache-miss
29 silly fetch manifest side-channel-map@^1.0.1
30 silly packumentCache full:https://registry.npmjs.org/side-channel-map cache-miss
31 silly fetch manifest side-channel-weakmap@^1.0.2
32 silly packumentCache full:https://registry.npmjs.org/side-channel-weakmap cache-miss
33 http fetch GET 200 https://registry.npmjs.org/object-inspect 83ms (cache miss)
34 silly packumentCache full:https://registry.npmjs.org/object-inspect set size:undefined disposed:false
35 http fetch GET 200 https://registry.npmjs.org/side-channel-weakmap 123ms (cache miss)
36 silly packumentCache full:https://registry.npmjs.org/side-channel-weakmap set size:undefined disposed:false
37 http fetch GET 200 https://registry.npmjs.org/side-channel-list 128ms (cache miss)
38 silly packumentCache full:https://registry.npmjs.org/side-channel-list set size:undefined disposed:false
39 http fetch GET 200 https://registry.npmjs.org/side-channel-map 134ms (cache miss)
40 silly packumentCache full:https://registry.npmjs.org/side-channel-map set size:undefined disposed:false
41 silly placeDep ROOT object-inspect@1.13.4 REPLACE for: side-channel@1.1.0 want: ^1.13.3
42 silly placeDep ROOT side-channel-list@1.0.0 OK for: side-channel@1.1.0 want: ^1.0.0
43 silly placeDep ROOT side-channel-map@1.0.1 OK for: side-channel@1.1.0 want: ^1.0.1
44 silly placeDep ROOT side-channel-weakmap@1.0.2 OK for: side-channel@1.1.0 want: ^1.0.2
45 silly fetch manifest call-bound@^1.0.2
46 silly packumentCache full:https://registry.npmjs.org/call-bound cache-miss
47 silly fetch manifest get-intrinsic@^1.2.5
48 silly packumentCache full:https://registry.npmjs.org/get-intrinsic cache-miss
49 silly fetch manifest call-bound@^1.0.2
50 silly packumentCache full:https://registry.npmjs.org/call-bound cache-miss
51 silly fetch manifest get-intrinsic@^1.2.5
52 silly packumentCache full:https://registry.npmjs.org/get-intrinsic cache-miss
53 http fetch GET 200 https://registry.npmjs.org/call-bound 77ms (cache miss)
54 silly packumentCache full:https://registry.npmjs.org/call-bound set size:undefined disposed:false
55 http fetch GET 200 https://registry.npmjs.org/call-bound 83ms (cache miss)
56 silly packumentCache full:https://registry.npmjs.org/call-bound set size:undefined disposed:false
57 http fetch GET 200 https://registry.npmjs.org/get-intrinsic 85ms (cache miss)
58 silly packumentCache full:https://registry.npmjs.org/get-intrinsic set size:undefined disposed:false
59 http fetch GET 200 https://registry.npmjs.org/get-intrinsic 85ms (cache miss)
60 silly packumentCache full:https://registry.npmjs.org/get-intrinsic set size:undefined disposed:false
61 silly placeDep ROOT call-bound@1.0.4 OK for: side-channel-map@1.0.1 want: ^1.0.2
62 silly placeDep ROOT get-intrinsic@1.3.0 REPLACE for: side-channel-map@1.0.1 want: ^1.2.5
63 silly fetch manifest call-bind-apply-helpers@^1.0.2
64 silly packumentCache full:https://registry.npmjs.org/call-bind-apply-helpers cache-miss
65 silly fetch manifest get-intrinsic@^1.3.0
66 silly packumentCache full:https://registry.npmjs.org/get-intrinsic cache-miss
67 silly fetch manifest call-bind-apply-helpers@^1.0.2
68 silly packumentCache full:https://registry.npmjs.org/call-bind-apply-helpers cache-miss
69 silly fetch manifest es-define-property@^1.0.1
70 silly packumentCache full:https://registry.npmjs.org/es-define-property cache-miss
71 silly fetch manifest es-object-atoms@^1.1.1
72 silly packumentCache full:https://registry.npmjs.org/es-object-atoms cache-miss
73 silly fetch manifest get-proto@^1.0.1
74 silly packumentCache full:https://registry.npmjs.org/get-proto cache-miss
75 silly fetch manifest gopd@^1.2.0
76 silly packumentCache full:https://registry.npmjs.org/gopd cache-miss
77 http cache https://registry.npmjs.org/get-intrinsic 52ms (cache hit)
78 silly packumentCache full:https://registry.npmjs.org/get-intrinsic set size:57687 disposed:false
79 silly fetch manifest has-symbols@^1.1.0
80 silly packumentCache full:https://registry.npmjs.org/has-symbols cache-miss
81 http fetch GET 200 https://registry.npmjs.org/call-bind-apply-helpers 94ms (cache miss)
82 silly packumentCache full:https://registry.npmjs.org/call-bind-apply-helpers set size:undefined disposed:false
83 silly fetch manifest math-intrinsics@^1.1.0
84 silly packumentCache full:https://registry.npmjs.org/math-intrinsics cache-miss
85 http fetch GET 200 https://registry.npmjs.org/call-bind-apply-helpers 100ms (cache miss)
86 silly packumentCache full:https://registry.npmjs.org/call-bind-apply-helpers set size:undefined disposed:false
87 http fetch GET 200 https://registry.npmjs.org/es-object-atoms 99ms (cache miss)
88 silly packumentCache full:https://registry.npmjs.org/es-object-atoms set size:undefined disposed:false
89 http fetch GET 200 https://registry.npmjs.org/es-define-property 104ms (cache miss)
90 silly packumentCache full:https://registry.npmjs.org/es-define-property set size:undefined disposed:false
91 http fetch GET 200 https://registry.npmjs.org/has-symbols 63ms (cache miss)
92 silly packumentCache full:https://registry.npmjs.org/has-symbols set size:undefined disposed:false
93 http fetch GET 200 https://registry.npmjs.org/gopd 118ms (cache miss)
94 silly packumentCache full:https://registry.npmjs.org/gopd set size:undefined disposed:false
95 http fetch GET 200 https://registry.npmjs.org/get-proto 140ms (cache miss)
96 silly packumentCache full:https://registry.npmjs.org/get-proto set size:undefined disposed:false
97 http fetch GET 200 https://registry.npmjs.org/math-intrinsics 53ms (cache miss)
98 silly packumentCache full:https://registry.npmjs.org/math-intrinsics set size:undefined disposed:false
99 silly placeDep ROOT call-bind-apply-helpers@1.0.2 OK for: call-bound@1.0.4 want: ^1.0.2
100 silly placeDep ROOT es-define-property@1.0.1 REPLACE for: get-intrinsic@1.3.0 want: ^1.0.1
101 silly placeDep ROOT es-object-atoms@1.1.1 REPLACE for: get-intrinsic@1.3.0 want: ^1.1.1
102 silly placeDep ROOT get-proto@1.0.1 OK for: get-intrinsic@1.3.0 want: ^1.0.1
103 silly placeDep ROOT gopd@1.2.0 REPLACE for: get-intrinsic@1.3.0 want: ^1.2.0
104 silly placeDep ROOT has-symbols@1.1.0 REPLACE for: get-intrinsic@1.3.0 want: ^1.1.0
105 silly placeDep ROOT math-intrinsics@1.1.0 OK for: get-intrinsic@1.3.0 want: ^1.1.0
106 silly fetch manifest dunder-proto@^1.0.1
107 silly packumentCache full:https://registry.npmjs.org/dunder-proto cache-miss
108 http fetch GET 200 https://registry.npmjs.org/dunder-proto 48ms (cache miss)
109 silly packumentCache full:https://registry.npmjs.org/dunder-proto set size:undefined disposed:false
110 silly placeDep ROOT dunder-proto@1.0.1 OK for: get-proto@1.0.1 want: ^1.0.1
111 silly reify mark retired [ 'C:\\projetos\\sys-rbx-frontend\\node_modules\\es-define-property' ]
112 silly reify mark retired [ 'C:\\projetos\\sys-rbx-frontend\\node_modules\\es-object-atoms' ]
113 silly reify mark retired [ 'C:\\projetos\\sys-rbx-frontend\\node_modules\\get-intrinsic' ]
114 silly reify mark retired [ 'C:\\projetos\\sys-rbx-frontend\\node_modules\\gopd' ]
115 silly reify mark retired [ 'C:\\projetos\\sys-rbx-frontend\\node_modules\\has-symbols' ]
116 silly reify mark retired [ 'C:\\projetos\\sys-rbx-frontend\\node_modules\\object-inspect' ]
117 silly reify mark retired [ 'C:\\projetos\\sys-rbx-frontend\\node_modules\\side-channel' ]
118 silly reify moves {
118 silly reify   'C:\\projetos\\sys-rbx-frontend\\node_modules\\es-define-property': 'C:\\projetos\\sys-rbx-frontend\\node_modules\\.es-define-property-WDckrqrA',
118 silly reify   'C:\\projetos\\sys-rbx-frontend\\node_modules\\es-object-atoms': 'C:\\projetos\\sys-rbx-frontend\\node_modules\\.es-object-atoms-uWYhcVkd',
118 silly reify   'C:\\projetos\\sys-rbx-frontend\\node_modules\\get-intrinsic': 'C:\\projetos\\sys-rbx-frontend\\node_modules\\.get-intrinsic-5N8S0UGe',
118 silly reify   'C:\\projetos\\sys-rbx-frontend\\node_modules\\gopd': 'C:\\projetos\\sys-rbx-frontend\\node_modules\\.gopd-D0dYsi0o',
118 silly reify   'C:\\projetos\\sys-rbx-frontend\\node_modules\\has-symbols': 'C:\\projetos\\sys-rbx-frontend\\node_modules\\.has-symbols-bbGyrSoY',
118 silly reify   'C:\\projetos\\sys-rbx-frontend\\node_modules\\object-inspect': 'C:\\projetos\\sys-rbx-frontend\\node_modules\\.object-inspect-hAbkjzZS',
118 silly reify   'C:\\projetos\\sys-rbx-frontend\\node_modules\\side-channel': 'C:\\projetos\\sys-rbx-frontend\\node_modules\\.side-channel-pxClMpgD'
118 silly reify }
119 silly audit bulk request {
119 silly audit   '@babel/code-frame': [ '7.24.2' ],
119 silly audit   '@babel/helper-module-imports': [ '7.24.3' ],
119 silly audit   '@babel/helper-string-parser': [ '7.24.1' ],
119 silly audit   '@babel/helper-validator-identifier': [ '7.24.5' ],
119 silly audit   '@babel/highlight': [ '7.24.5' ],
119 silly audit   'ansi-styles': [ '3.2.1', '4.3.0', '6.2.1' ],
119 silly audit   chalk: [ '2.4.2', '4.1.2' ],
119 silly audit   'color-convert': [ '1.9.3', '2.0.1' ],
119 silly audit   'color-name': [ '1.1.3', '1.1.4' ],
119 silly audit   'escape-string-regexp': [ '1.0.5', '4.0.0' ],
119 silly audit   'has-flag': [ '3.0.0', '4.0.0' ],
119 silly audit   'supports-color': [ '5.5.0', '7.2.0' ],
119 silly audit   '@babel/runtime': [ '7.24.5' ],
119 silly audit   '@babel/types': [ '7.24.5' ],
119 silly audit   '@chakra-ui/accordion': [ '2.3.1' ],
119 silly audit   '@chakra-ui/alert': [ '2.2.2' ],
119 silly audit   '@chakra-ui/anatomy': [ '2.2.2' ],
119 silly audit   '@chakra-ui/avatar': [ '2.3.0' ],
119 silly audit   '@chakra-ui/breadcrumb': [ '2.2.0' ],
119 silly audit   '@chakra-ui/breakpoint-utils': [ '2.0.8' ],
119 silly audit   '@chakra-ui/button': [ '2.1.0' ],
119 silly audit   '@chakra-ui/card': [ '2.2.0' ],
119 silly audit   '@chakra-ui/checkbox': [ '2.3.2' ],
119 silly audit   '@chakra-ui/clickable': [ '2.1.0' ],
119 silly audit   '@chakra-ui/close-button': [ '2.1.1' ],
119 silly audit   '@chakra-ui/color-mode': [ '2.2.0' ],
119 silly audit   '@chakra-ui/control-box': [ '2.1.0' ],
119 silly audit   '@chakra-ui/counter': [ '2.1.0' ],
119 silly audit   '@chakra-ui/css-reset': [ '2.3.0' ],
119 silly audit   '@chakra-ui/descendant': [ '3.1.0' ],
119 silly audit   '@chakra-ui/dom-utils': [ '2.1.0' ],
119 silly audit   '@chakra-ui/editable': [ '3.1.0' ],
119 silly audit   '@chakra-ui/event-utils': [ '2.0.8' ],
119 silly audit   '@chakra-ui/focus-lock': [ '2.1.0' ],
119 silly audit   '@chakra-ui/form-control': [ '2.2.0' ],
119 silly audit   '@chakra-ui/hooks': [ '2.2.1' ],
119 silly audit   '@chakra-ui/icon': [ '3.2.0' ],
119 silly audit   '@chakra-ui/icons': [ '2.1.1' ],
119 silly audit   '@chakra-ui/image': [ '2.1.0' ],
119 silly audit   '@chakra-ui/input': [ '2.1.2' ],
119 silly audit   '@chakra-ui/layout': [ '2.3.1' ],
119 silly audit   '@chakra-ui/lazy-utils': [ '2.0.5' ],
119 silly audit   '@chakra-ui/live-region': [ '2.1.0' ],
119 silly audit   '@chakra-ui/media-query': [ '3.3.0' ],
119 silly audit   '@chakra-ui/menu': [ '2.2.1' ],
119 silly audit   '@chakra-ui/modal': [ '2.3.1' ],
119 silly audit   '@chakra-ui/number-input': [ '2.1.2' ],
119 silly audit   '@chakra-ui/number-utils': [ '2.0.7' ],
119 silly audit   '@chakra-ui/object-utils': [ '2.1.0' ],
119 silly audit   '@chakra-ui/pin-input': [ '2.1.0' ],
119 silly audit   '@chakra-ui/popover': [ '2.2.1' ],
119 silly audit   '@chakra-ui/popper': [ '3.1.0' ],
119 silly audit   '@chakra-ui/portal': [ '2.1.0' ],
119 silly audit   '@chakra-ui/progress': [ '2.2.0' ],
119 silly audit   '@chakra-ui/provider': [ '2.4.2' ],
119 silly audit   '@chakra-ui/radio': [ '2.1.2' ],
119 silly audit   '@chakra-ui/react': [ '2.8.2' ],
119 silly audit   '@chakra-ui/react-children-utils': [ '2.0.6' ],
119 silly audit   '@chakra-ui/react-context': [ '2.1.0' ],
119 silly audit   '@chakra-ui/react-env': [ '3.1.0' ],
119 silly audit   '@chakra-ui/react-types': [ '2.0.7' ],
119 silly audit   '@chakra-ui/react-use-animation-state': [ '2.1.0' ],
119 silly audit   '@chakra-ui/react-use-callback-ref': [ '2.1.0' ],
119 silly audit   '@chakra-ui/react-use-controllable-state': [ '2.1.0' ],
119 silly audit   '@chakra-ui/react-use-disclosure': [ '2.1.0' ],
119 silly audit   '@chakra-ui/react-use-event-listener': [ '2.1.0' ],
119 silly audit   '@chakra-ui/react-use-focus-effect': [ '2.1.0' ],
119 silly audit   '@chakra-ui/react-use-focus-on-pointer-down': [ '2.1.0' ],
119 silly audit   '@chakra-ui/react-use-interval': [ '2.1.0' ],
119 silly audit   '@chakra-ui/react-use-latest-ref': [ '2.1.0' ],
119 silly audit   '@chakra-ui/react-use-merge-refs': [ '2.1.0' ],
119 silly audit   '@chakra-ui/react-use-outside-click': [ '2.2.0' ],
119 silly audit   '@chakra-ui/react-use-pan-event': [ '2.1.0' ],
119 silly audit   '@chakra-ui/react-use-previous': [ '2.1.0' ],
119 silly audit   '@chakra-ui/react-use-safe-layout-effect': [ '2.1.0' ],
119 silly audit   '@chakra-ui/react-use-size': [ '2.1.0' ],
119 silly audit   '@chakra-ui/react-use-timeout': [ '2.1.0' ],
119 silly audit   '@chakra-ui/react-use-update-effect': [ '2.1.0' ],
119 silly audit   '@chakra-ui/react-utils': [ '2.0.12' ],
119 silly audit   '@chakra-ui/select': [ '2.1.2' ],
119 silly audit   '@chakra-ui/shared-utils': [ '2.0.5' ],
119 silly audit   '@chakra-ui/skeleton': [ '2.1.0' ],
119 silly audit   '@chakra-ui/skip-nav': [ '2.1.0' ],
119 silly audit   '@chakra-ui/slider': [ '2.1.0' ],
119 silly audit   '@chakra-ui/spinner': [ '2.1.0' ],
119 silly audit   '@chakra-ui/stat': [ '2.1.1' ],
119 silly audit   '@chakra-ui/stepper': [ '2.3.1' ],
119 silly audit   '@chakra-ui/styled-system': [ '2.9.2' ],
119 silly audit   '@chakra-ui/switch': [ '2.1.2' ],
119 silly audit   '@chakra-ui/system': [ '2.6.2' ],
119 silly audit   '@chakra-ui/table': [ '2.1.0' ],
119 silly audit   '@chakra-ui/tabs': [ '3.0.0' ],
119 silly audit   '@chakra-ui/tag': [ '3.1.1' ],
119 silly audit   '@chakra-ui/textarea': [ '2.1.2' ],
119 silly audit   '@chakra-ui/theme': [ '3.3.1' ],
119 silly audit   '@chakra-ui/theme-tools': [ '2.1.2' ],
119 silly audit   '@chakra-ui/theme-utils': [ '2.0.21' ],
119 silly audit   '@chakra-ui/toast': [ '7.0.2' ],
119 silly audit   '@chakra-ui/tooltip': [ '2.3.1' ],
119 silly audit   '@chakra-ui/transition': [ '2.1.0' ],
119 silly audit   '@chakra-ui/utils': [ '2.0.15' ],
119 silly audit   '@chakra-ui/visually-hidden': [ '2.2.0' ],
119 silly audit   '@emotion/babel-plugin': [ '11.11.0' ],
119 silly audit   '@emotion/cache': [ '11.11.0' ],
119 silly audit   '@emotion/hash': [ '0.9.1' ],
119 silly audit   '@emotion/is-prop-valid': [ '1.2.2', '0.8.8' ],
119 silly audit   '@emotion/memoize': [ '0.8.1', '0.7.4' ],
119 silly audit   '@emotion/react': [ '11.11.4' ],
119 silly audit   '@emotion/serialize': [ '1.1.4' ],
119 silly audit   '@emotion/sheet': [ '1.2.2' ],
119 silly audit   '@emotion/styled': [ '11.11.5' ],
119 silly audit   '@emotion/unitless': [ '0.8.1' ],
119 silly audit   '@emotion/use-insertion-effect-with-fallbacks': [ '1.0.1' ],
119 silly audit   '@emotion/utils': [ '1.2.1' ],
119 silly audit   '@emotion/weak-memoize': [ '0.3.1' ],
119 silly audit   '@eslint-community/eslint-utils': [ '4.4.0' ],
119 silly audit   '@eslint-community/regexpp': [ '4.10.0' ],
119 silly audit   '@eslint/eslintrc': [ '2.1.4' ],
119 silly audit   '@eslint/js': [ '8.57.0' ],
119 silly audit   '@foliojs-fork/fontkit': [ '1.9.2' ],
119 silly audit   '@foliojs-fork/linebreak': [ '1.1.2' ],
119 silly audit   '@foliojs-fork/pdfkit': [ '0.14.0' ],
119 silly audit   '@foliojs-fork/restructure': [ '2.0.2' ],
119 silly audit   '@fortawesome/fontawesome-free': [ '6.5.2' ],
119 silly audit   '@hapi/address': [ '4.1.0' ],
119 silly audit   '@hapi/formula': [ '2.0.0' ],
119 silly audit   '@hapi/hoek': [ '9.3.0' ],
119 silly audit   '@hapi/joi': [ '17.1.1' ],
119 silly audit   '@hapi/pinpoint': [ '2.0.1' ],
119 silly audit   '@hapi/topo': [ '5.1.0' ],
119 silly audit   '@humanwhocodes/config-array': [ '0.11.14' ],
119 silly audit   '@humanwhocodes/module-importer': [ '1.0.1' ],
119 silly audit   '@humanwhocodes/object-schema': [ '2.0.3' ],
119 silly audit   '@isaacs/cliui': [ '8.0.2' ],
119 silly audit   'ansi-regex': [ '6.0.1', '5.0.1' ],
119 silly audit   'strip-ansi': [ '7.1.0', '6.0.1' ],
119 silly audit   '@next/env': [ '14.2.3' ],
119 silly audit   '@next/eslint-plugin-next': [ '14.2.3' ],
119 silly audit   'brace-expansion': [ '2.0.1', '1.1.11' ],
119 silly audit   glob: [ '10.3.10', '7.1.7' ],
119 silly audit   minimatch: [ '9.0.4', '9.0.3', '3.1.2' ],
119 silly audit   '@next/swc-darwin-arm64': [ '14.2.3' ],
119 silly audit   '@next/swc-darwin-x64': [ '14.2.3' ],
119 silly audit   '@next/swc-linux-arm64-gnu': [ '14.2.3' ],
119 silly audit   '@next/swc-linux-arm64-musl': [ '14.2.3' ],
119 silly audit   '@next/swc-linux-x64-gnu': [ '14.2.3' ],
119 silly audit   '@next/swc-linux-x64-musl': [ '14.2.3' ],
119 silly audit   '@next/swc-win32-arm64-msvc': [ '14.2.3' ],
119 silly audit   '@next/swc-win32-ia32-msvc': [ '14.2.3' ],
119 silly audit   '@next/swc-win32-x64-msvc': [ '14.2.3' ],
119 silly audit   '@nodelib/fs.scandir': [ '2.1.5' ],
119 silly audit   '@nodelib/fs.stat': [ '2.0.5' ],
119 silly audit   '@nodelib/fs.walk': [ '1.2.8' ],
119 silly audit   '@panva/hkdf': [ '1.1.1' ],
119 silly audit   '@pkgjs/parseargs': [ '0.11.0' ],
119 silly audit   '@popperjs/core': [ '2.11.8' ],
119 silly audit   '@rushstack/eslint-patch': [ '1.10.3' ],
119 silly audit   '@swc/counter': [ '0.1.3' ],
119 silly audit   '@swc/helpers': [ '0.5.5' ],
119 silly audit   '@types/axios': [ '0.14.0' ],
119 silly audit   '@types/intl': [ '1.2.2' ],
119 silly audit   '@types/json5': [ '0.0.29' ],
119 silly audit   '@types/lodash': [ '4.17.4' ],
119 silly audit   '@types/lodash.mergewith': [ '4.6.7' ],
119 silly audit   '@types/node': [ '20.12.12' ],
119 silly audit   '@types/parse-json': [ '4.0.2' ],
119 silly audit   '@types/pdfkit': [ '0.13.4' ],
119 silly audit   '@types/pdfmake': [ '0.2.9' ],
119 silly audit   '@types/prop-types': [ '15.7.12' ],
119 silly audit   '@types/react': [ '18.3.2' ],
119 silly audit   '@types/react-dom': [ '18.2.7' ],
119 silly audit   '@typescript-eslint/parser': [ '6.21.0' ],
119 silly audit   '@typescript-eslint/scope-manager': [ '6.21.0' ],
119 silly audit   '@typescript-eslint/types': [ '6.21.0' ],
119 silly audit   '@typescript-eslint/typescript-estree': [ '6.21.0' ],
119 silly audit   '@typescript-eslint/visitor-keys': [ '6.21.0' ],
119 silly audit   '@ungap/structured-clone': [ '1.2.0' ],
119 silly audit   '@zag-js/dom-query': [ '0.16.0' ],
119 silly audit   '@zag-js/element-size': [ '0.10.5' ],
119 silly audit   '@zag-js/focus-visible': [ '0.16.0' ],
119 silly audit   acorn: [ '8.11.3' ],
119 silly audit   'acorn-jsx': [ '5.3.2' ],
119 silly audit   ajv: [ '6.12.6' ],
119 silly audit   argparse: [ '2.0.1' ],
119 silly audit   'aria-hidden': [ '1.2.4' ],
119 silly audit   'aria-query': [ '5.3.0' ],
119 silly audit   'array-buffer-byte-length': [ '1.0.1' ],
119 silly audit   'array-includes': [ '3.1.8' ],
119 silly audit   'array-union': [ '2.1.0' ],
119 silly audit   'array.prototype.findlast': [ '1.2.5' ],
119 silly audit   'array.prototype.findlastindex': [ '1.2.5' ],
119 silly audit   'array.prototype.flat': [ '1.3.2' ],
119 silly audit   'array.prototype.flatmap': [ '1.3.2' ],
119 silly audit   'array.prototype.toreversed': [ '1.1.2' ],
119 silly audit   'array.prototype.tosorted': [ '1.1.3' ],
119 silly audit   'arraybuffer.prototype.slice': [ '1.0.3' ],
119 silly audit   'ast-types-flow': [ '0.0.8' ],
119 silly audit   asynckit: [ '0.4.0' ],
119 silly audit   'available-typed-arrays': [ '1.0.7' ],
119 silly audit   'axe-core': [ '4.7.0' ],
119 silly audit   axios: [ '1.7.2' ],
119 silly audit   'axobject-query': [ '3.2.1' ],
119 silly audit   'babel-plugin-macros': [ '3.1.0' ],
119 silly audit   'balanced-match': [ '1.0.2' ],
119 silly audit   'base64-js': [ '1.3.1' ],
119 silly audit   braces: [ '3.0.3' ],
119 silly audit   brotli: [ '1.3.3' ],
119 silly audit   busboy: [ '1.6.0' ],
119 silly audit   'call-bind': [ '1.0.7' ],
119 silly audit   callsites: [ '3.1.0' ],
119 silly audit   'caniuse-lite': [ '1.0.30001620' ],
119 silly audit   'client-only': [ '0.0.1' ],
119 silly audit   clone: [ '1.0.4' ],
119 silly audit   color2k: [ '2.0.3' ],
119 silly audit   'combined-stream': [ '1.0.8' ],
119 silly audit   'compute-scroll-into-view': [ '3.0.3' ],
119 silly audit   'concat-map': [ '0.0.1' ],
119 silly audit   'convert-source-map': [ '1.9.0' ],
119 silly audit   cookie: [ '0.5.0' ],
119 silly audit   'copy-to-clipboard': [ '3.3.3' ],
119 silly audit   cosmiconfig: [ '7.1.0' ],
119 silly audit   'cpf-cnpj-validator': [ '1.0.3' ],
119 silly audit   'cross-env': [ '7.0.3' ],
119 silly audit   'cross-spawn': [ '7.0.3' ],
119 silly audit   'crypto-js': [ '4.2.0' ],
119 silly audit   'css-box-model': [ '1.2.1' ],
119 silly audit   csstype: [ '3.1.3' ],
119 silly audit   'damerau-levenshtein': [ '1.0.8' ],
119 silly audit   'data-view-buffer': [ '1.0.1' ],
119 silly audit   'data-view-byte-length': [ '1.0.1' ],
119 silly audit   'data-view-byte-offset': [ '1.0.0' ],
119 silly audit   'date-fns': [ '2.30.0' ],
119 silly audit   'date-fns-tz': [ '2.0.1' ],
119 silly audit   debug: [ '4.3.4', '3.2.7' ],
119 silly audit   'deep-equal': [ '1.1.2' ],
119 silly audit   'deep-is': [ '0.1.4' ],
119 silly audit   'define-data-property': [ '1.1.4' ],
119 silly audit   'define-properties': [ '1.2.1' ],
119 silly audit   'delayed-stream': [ '1.0.0' ],
119 silly audit   dequal: [ '2.0.3' ],
119 silly audit   'detect-node-es': [ '1.1.0' ],
119 silly audit   dfa: [ '1.2.0' ],
119 silly audit   'dir-glob': [ '3.0.1' ],
119 silly audit   doctrine: [ '3.0.0', '2.1.0' ],
119 silly audit   eastasianwidth: [ '0.2.0' ],
119 silly audit   'emoji-regex': [ '9.2.2', '8.0.0' ],
119 silly audit   'enhanced-resolve': [ '5.16.1' ],
119 silly audit   'error-ex': [ '1.3.2' ],
119 silly audit   'es-abstract': [ '1.23.3' ],
119 silly audit   'es-errors': [ '1.3.0' ],
119 silly audit   'es-iterator-helpers': [ '1.0.19' ],
119 silly audit   'es-set-tostringtag': [ '2.0.3' ],
119 silly audit   'es-shim-unscopables': [ '1.0.2' ],
119 silly audit   'es-to-primitive': [ '1.2.1' ],
119 silly audit   eslint: [ '8.57.0' ],
119 silly audit   'eslint-config-next': [ '14.2.3' ],
119 silly audit   'eslint-import-resolver-node': [ '0.3.9' ],
119 silly audit   'eslint-import-resolver-typescript': [ '3.6.1' ],
119 silly audit   'eslint-module-utils': [ '2.8.1' ],
119 silly audit   'eslint-plugin-import': [ '2.29.1' ],
119 silly audit   semver: [ '6.3.1', '7.6.2' ],
119 silly audit   'eslint-plugin-jsx-a11y': [ '6.8.0' ],
119 silly audit   'eslint-plugin-react': [ '7.34.1' ],
119 silly audit   'eslint-plugin-react-hooks': [ '4.6.2' ],
119 silly audit   resolve: [ '2.0.0-next.5', '1.22.8' ],
119 silly audit   'eslint-plugin-unused-imports': [ '3.2.0' ],
119 silly audit   'eslint-rule-composer': [ '0.3.0' ],
119 silly audit   'eslint-scope': [ '7.2.2' ],
119 silly audit   'eslint-visitor-keys': [ '3.4.3' ],
119 silly audit   espree: [ '9.6.1' ],
119 silly audit   esquery: [ '1.5.0' ],
119 silly audit   esrecurse: [ '4.3.0' ],
119 silly audit   estraverse: [ '5.3.0' ],
119 silly audit   esutils: [ '2.0.3' ],
119 silly audit   'fast-deep-equal': [ '3.1.3' ],
119 silly audit   'fast-glob': [ '3.3.2' ],
119 silly audit   'glob-parent': [ '5.1.2', '6.0.2' ],
119 silly audit   'fast-json-stable-stringify': [ '2.1.0' ],
119 silly audit   'fast-levenshtein': [ '2.0.6' ],
119 silly audit   fastq: [ '1.17.1' ],
119 silly audit   'file-entry-cache': [ '6.0.1' ],
119 silly audit   'fill-range': [ '7.1.1' ],
119 silly audit   'find-root': [ '1.1.0' ],
119 silly audit   'find-up': [ '5.0.0' ],
119 silly audit   'flat-cache': [ '3.2.0' ],
119 silly audit   flatted: [ '3.3.1' ],
119 silly audit   'focus-lock': [ '1.3.5' ],
119 silly audit   'follow-redirects': [ '1.15.6' ],
119 silly audit   'for-each': [ '0.3.3' ],
119 silly audit   'foreground-child': [ '3.1.1' ],
119 silly audit   'form-data': [ '4.0.0' ],
119 silly audit   'framer-motion': [ '10.18.0' ],
119 silly audit   framesync: [ '6.1.2' ],
119 silly audit   tslib: [ '2.4.0', '2.6.2' ],
119 silly audit   'fs.realpath': [ '1.0.0' ],
119 silly audit   'function-bind': [ '1.1.2' ],
119 silly audit   'function.prototype.name': [ '1.1.6' ],
119 silly audit   'functions-have-names': [ '1.2.3' ],
119 silly audit   'get-nonce': [ '1.0.1' ],
119 silly audit   'get-symbol-description': [ '1.0.2' ],
119 silly audit   'get-tsconfig': [ '4.7.5' ],
119 silly audit   globals: [ '13.24.0' ],
119 silly audit   globalthis: [ '1.0.4' ],
119 silly audit   globby: [ '11.1.0' ],
119 silly audit   'graceful-fs': [ '4.2.11' ],
119 silly audit   graphemer: [ '1.4.0' ],
119 silly audit   'has-bigints': [ '1.0.2' ],
119 silly audit   'has-property-descriptors': [ '1.0.2' ],
119 silly audit   'has-proto': [ '1.0.3' ],
119 silly audit   'has-tostringtag': [ '1.0.2' ],
119 silly audit   hasown: [ '2.0.2' ],
119 silly audit   'hoist-non-react-statics': [ '3.3.2' ],
119 silly audit   'iconv-lite': [ '0.6.3' ],
119 silly audit   ignore: [ '5.3.1' ],
119 silly audit   'import-fresh': [ '3.3.0' ],
119 silly audit   imurmurhash: [ '0.1.4' ],
119 silly audit   inflight: [ '1.0.6' ],
119 silly audit   inherits: [ '2.0.4' ],
119 silly audit   'internal-slot': [ '1.0.7' ],
119 silly audit   invariant: [ '2.2.4' ],
119 silly audit   'is-arguments': [ '1.1.1' ],
119 silly audit   'is-array-buffer': [ '3.0.4' ],
119 silly audit   'is-arrayish': [ '0.2.1' ],
119 silly audit   'is-async-function': [ '2.0.0' ],
119 silly audit   'is-bigint': [ '1.0.4' ],
119 silly audit   'is-boolean-object': [ '1.1.2' ],
119 silly audit   'is-callable': [ '1.2.7' ],
119 silly audit   'is-core-module': [ '2.13.1' ],
119 silly audit   'is-data-view': [ '1.0.1' ],
119 silly audit   'is-date-object': [ '1.0.5' ],
119 silly audit   'is-extglob': [ '2.1.1' ],
119 silly audit   'is-finalizationregistry': [ '1.0.2' ],
119 silly audit   'is-fullwidth-code-point': [ '3.0.0' ],
119 silly audit   'is-generator-function': [ '1.0.10' ],
119 silly audit   'is-glob': [ '4.0.3' ],
119 silly audit   'is-map': [ '2.0.3' ],
119 silly audit   'is-negative-zero': [ '2.0.3' ],
119 silly audit   'is-number': [ '7.0.0' ],
119 silly audit   'is-number-object': [ '1.0.7' ],
119 silly audit   'is-path-inside': [ '3.0.3' ],
119 silly audit   'is-regex': [ '1.1.4' ],
119 silly audit   'is-set': [ '2.0.3' ],
119 silly audit   'is-shared-array-buffer': [ '1.0.3' ],
119 silly audit   'is-string': [ '1.0.7' ],
119 silly audit   'is-symbol': [ '1.0.4' ],
119 silly audit   'is-typed-array': [ '1.1.13' ],
119 silly audit   'is-weakmap': [ '2.0.2' ],
119 silly audit   'is-weakref': [ '1.0.2' ],
119 silly audit   'is-weakset': [ '2.0.3' ],
119 silly audit   isarray: [ '2.0.5' ],
119 silly audit   isexe: [ '2.0.0' ],
119 silly audit   'iterator.prototype': [ '1.1.2' ],
119 silly audit   jackspeak: [ '2.3.6' ],
119 silly audit   jose: [ '4.15.5' ],
119 silly audit   'js-tokens': [ '4.0.0' ],
119 silly audit   'js-yaml': [ '4.1.0' ],
119 silly audit   'json-buffer': [ '3.0.1' ],
119 silly audit   'json-parse-even-better-errors': [ '2.3.1' ],
119 silly audit   'json-schema-traverse': [ '0.4.1' ],
119 silly audit   'json-stable-stringify-without-jsonify': [ '1.0.1' ],
119 silly audit   json5: [ '1.0.2' ],
119 silly audit   'jsx-ast-utils': [ '3.3.5' ],
119 silly audit   keyv: [ '4.5.4' ],
119 silly audit   'language-subtag-registry': [ '0.3.23' ],
119 silly audit   'language-tags': [ '1.0.9' ],
119 silly audit   levn: [ '0.4.1' ],
119 silly audit   'lines-and-columns': [ '1.2.4' ],
119 silly audit   'locate-path': [ '6.0.0' ],
119 silly audit   'lodash.merge': [ '4.6.2' ],
119 silly audit   'lodash.mergewith': [ '4.6.2' ],
119 silly audit   'loose-envify': [ '1.4.0' ],
119 silly audit   'lru-cache': [ '6.0.0', '10.2.2' ],
119 silly audit   merge2: [ '1.4.1' ],
119 silly audit   micromatch: [ '4.0.6' ],
119 silly audit   'mime-db': [ '1.52.0' ],
119 silly audit   'mime-types': [ '2.1.35' ],
119 silly audit   minimist: [ '1.2.8' ],
119 silly audit   minipass: [ '7.1.1' ],
119 silly audit   ms: [ '2.1.2' ],
119 silly audit   nanoid: [ '3.3.7' ],
119 silly audit   'natural-compare': [ '1.4.0' ],
119 silly audit   next: [ '14.2.3' ],
119 silly audit   'next-auth': [ '4.24.7' ],
119 silly audit   oauth: [ '0.9.15' ],
119 silly audit   'object-assign': [ '4.1.1' ],
119 silly audit   'object-hash': [ '2.2.0' ],
119 silly audit   'object-is': [ '1.1.6' ],
119 silly audit   'object-keys': [ '1.1.1' ],
119 silly audit   'object.assign': [ '4.1.5' ],
119 silly audit   'object.entries': [ '1.1.8' ],
119 silly audit   'object.fromentries': [ '2.0.8' ],
119 silly audit   'object.groupby': [ '1.0.3' ],
119 silly audit   'object.hasown': [ '1.1.4' ],
119 silly audit   'object.values': [ '1.2.0' ],
119 silly audit   'oidc-token-hash': [ '5.0.3' ],
119 silly audit   once: [ '1.4.0' ],
119 silly audit   'openid-client': [ '5.6.5' ],
119 silly audit   optionator: [ '0.9.4' ],
119 silly audit   'p-limit': [ '3.1.0' ],
119 silly audit   'p-locate': [ '5.0.0' ],
119 silly audit   pako: [ '0.2.9' ],
119 silly audit   'parent-module': [ '1.0.1' ],
119 silly audit   'parse-json': [ '5.2.0' ],
119 silly audit   'path-exists': [ '4.0.0' ],
119 silly audit   'path-is-absolute': [ '1.0.1' ],
119 silly audit   'path-key': [ '3.1.1' ],
119 silly audit   'path-parse': [ '1.0.7' ],
119 silly audit   'path-scurry': [ '1.11.1' ],
119 silly audit   'path-type': [ '4.0.0' ],
119 silly audit   pdfmake: [ '0.2.10' ],
119 silly audit   picocolors: [ '1.0.1' ],
119 silly audit   picomatch: [ '4.0.2' ],
119 silly audit   'png-js': [ '1.0.0' ],
119 silly audit   'possible-typed-array-names': [ '1.0.0' ],
119 silly audit   postcss: [ '8.4.31' ],
119 silly audit   preact: [ '10.22.0' ],
119 silly audit   'preact-render-to-string': [ '5.2.6' ],
119 silly audit   'prelude-ls': [ '1.2.1' ],
119 silly audit   'pretty-format': [ '3.8.0' ],
119 silly audit   'prop-types': [ '15.8.1' ],
119 silly audit   'proxy-from-env': [ '1.1.0' ],
119 silly audit   punycode: [ '2.3.1' ],
119 silly audit   'queue-microtask': [ '1.2.3' ],
119 silly audit   react: [ '18.2.0' ],
119 silly audit   'react-clientside-effect': [ '1.2.6' ],
119 silly audit   'react-dom': [ '18.2.0' ],
119 silly audit   'react-fast-compare': [ '3.2.2' ],
119 silly audit   'react-focus-lock': [ '2.12.1' ],
119 silly audit   'react-icons': [ '4.12.0' ],
119 silly audit   'react-is': [ '16.13.1' ],
119 silly audit   'react-remove-scroll': [ '2.5.10' ],
119 silly audit   'react-remove-scroll-bar': [ '2.3.6' ],
119 silly audit   'react-spinners': [ '0.13.8' ],
119 silly audit   'react-style-singleton': [ '2.2.1' ],
119 silly audit   'reflect.getprototypeof': [ '1.0.6' ],
119 silly audit   'regenerator-runtime': [ '0.14.1' ],
119 silly audit   'regexp.prototype.flags': [ '1.5.2' ],
119 silly audit   remask: [ '1.2.2' ],
119 silly audit   'resolve-from': [ '4.0.0' ],
119 silly audit   'resolve-pkg-maps': [ '1.0.0' ],
119 silly audit   reusify: [ '1.0.4' ],
119 silly audit   rimraf: [ '3.0.2' ],
119 silly audit   'run-parallel': [ '1.2.0' ],
119 silly audit   'safe-array-concat': [ '1.1.2' ],
119 silly audit   'safe-regex-test': [ '1.0.3' ],
119 silly audit   'safer-buffer': [ '2.1.2' ],
119 silly audit   sax: [ '1.3.0' ],
119 silly audit   scheduler: [ '0.23.2' ],
119 silly audit   'set-function-length': [ '1.2.2' ],
119 silly audit   'set-function-name': [ '2.0.2' ],
119 silly audit   'shebang-command': [ '2.0.0' ],
119 silly audit   'shebang-regex': [ '3.0.0' ],
119 silly audit   'signal-exit': [ '4.1.0' ],
119 silly audit   slash: [ '3.0.0' ],
119 silly audit   'source-map': [ '0.5.7' ],
119 silly audit   'source-map-js': [ '1.2.0' ],
119 silly audit   streamsearch: [ '1.1.0' ],
119 silly audit   'string-width': [ '5.1.2', '4.2.3' ],
119 silly audit   'string.prototype.matchall': [ '4.0.11' ],
119 silly audit   'string.prototype.trim': [ '1.2.9' ],
119 silly audit   'string.prototype.trimend': [ '1.0.8' ],
119 silly audit   'string.prototype.trimstart': [ '1.0.8' ],
119 silly audit   'strip-bom': [ '3.0.0' ],
119 silly audit   'strip-json-comments': [ '3.1.1' ],
119 silly audit   'styled-jsx': [ '5.1.1' ],
119 silly audit   stylis: [ '4.2.0' ],
119 silly audit   'supports-preserve-symlinks-flag': [ '1.0.0' ],
119 silly audit   tapable: [ '2.2.1' ],
119 silly audit   'text-table': [ '0.2.0' ],
119 silly audit   'tiny-inflate': [ '1.0.3' ],
119 silly audit   'tiny-invariant': [ '1.3.3' ],
119 silly audit   'to-fast-properties': [ '2.0.0' ],
119 silly audit   'to-regex-range': [ '5.0.1' ],
119 silly audit   'toggle-selection': [ '1.0.6' ],
119 silly audit   'ts-api-utils': [ '1.3.0' ],
119 silly audit   'tsconfig-paths': [ '3.15.0' ],
119 silly audit   'type-check': [ '0.4.0' ],
119 silly audit   'type-fest': [ '0.20.2' ],
119 silly audit   'typed-array-buffer': [ '1.0.2' ],
119 silly audit   'typed-array-byte-length': [ '1.0.1' ],
119 silly audit   'typed-array-byte-offset': [ '1.0.2' ],
119 silly audit   'typed-array-length': [ '1.0.6' ],
119 silly audit   typescript: [ '5.4.5' ],
119 silly audit   'unbox-primitive': [ '1.0.2' ],
119 silly audit   'undici-types': [ '5.26.5' ],
119 silly audit   'unicode-properties': [ '1.4.1' ],
119 silly audit   'unicode-trie': [ '2.0.0' ],
119 silly audit   'uri-js': [ '4.4.1' ],
119 silly audit   'use-callback-ref': [ '1.3.2' ],
119 silly audit   'use-sidecar': [ '1.1.2' ],
119 silly audit   uuid: [ '8.3.2' ],
119 silly audit   which: [ '2.0.2' ],
119 silly audit   'which-boxed-primitive': [ '1.0.2' ],
119 silly audit   'which-builtin-type': [ '1.1.3' ],
119 silly audit   'which-collection': [ '1.0.2' ],
119 silly audit   'which-typed-array': [ '1.1.15' ],
119 silly audit   'word-wrap': [ '1.2.5' ],
119 silly audit   'wrap-ansi': [ '8.1.0', '7.0.0' ],
119 silly audit   wrappy: [ '1.0.2' ],
119 silly audit   xmldoc: [ '1.3.0' ],
119 silly audit   yallist: [ '4.0.0' ],
119 silly audit   yaml: [ '1.10.2' ],
119 silly audit   'yocto-queue': [ '0.1.0' ],
119 silly audit   qs: [ '6.14.0' ],
119 silly audit   'side-channel': [ '1.1.0' ],
119 silly audit   'object-inspect': [ '1.13.4' ],
119 silly audit   'side-channel-list': [ '1.0.0' ],
119 silly audit   'side-channel-map': [ '1.0.1' ],
119 silly audit   'side-channel-weakmap': [ '1.0.2' ],
119 silly audit   'call-bound': [ '1.0.4' ],
119 silly audit   'get-intrinsic': [ '1.3.0' ],
119 silly audit   'call-bind-apply-helpers': [ '1.0.2' ],
119 silly audit   'es-define-property': [ '1.0.1' ],
119 silly audit   'es-object-atoms': [ '1.1.1' ],
119 silly audit   'get-proto': [ '1.0.1' ],
119 silly audit   gopd: [ '1.2.0' ],
119 silly audit   'has-symbols': [ '1.1.0' ],
119 silly audit   'math-intrinsics': [ '1.1.0' ],
119 silly audit   'dunder-proto': [ '1.0.1' ]
119 silly audit }
120 verbose reify failed optional dependency C:\projetos\sys-rbx-frontend\node_modules\@next\swc-win32-ia32-msvc
121 silly reify mark deleted [
121 silly reify   'C:\\projetos\\sys-rbx-frontend\\node_modules\\@next\\swc-win32-ia32-msvc'
121 silly reify ]
122 verbose reify failed optional dependency C:\projetos\sys-rbx-frontend\node_modules\@next\swc-win32-arm64-msvc
123 silly reify mark deleted [
123 silly reify   'C:\\projetos\\sys-rbx-frontend\\node_modules\\@next\\swc-win32-arm64-msvc'
123 silly reify ]
124 verbose reify failed optional dependency C:\projetos\sys-rbx-frontend\node_modules\@next\swc-linux-x64-musl
125 silly reify mark deleted [
125 silly reify   'C:\\projetos\\sys-rbx-frontend\\node_modules\\@next\\swc-linux-x64-musl'
125 silly reify ]
126 verbose reify failed optional dependency C:\projetos\sys-rbx-frontend\node_modules\@next\swc-linux-x64-gnu
127 silly reify mark deleted [
127 silly reify   'C:\\projetos\\sys-rbx-frontend\\node_modules\\@next\\swc-linux-x64-gnu'
127 silly reify ]
128 verbose reify failed optional dependency C:\projetos\sys-rbx-frontend\node_modules\@next\swc-linux-arm64-musl
129 silly reify mark deleted [
129 silly reify   'C:\\projetos\\sys-rbx-frontend\\node_modules\\@next\\swc-linux-arm64-musl'
129 silly reify ]
130 verbose reify failed optional dependency C:\projetos\sys-rbx-frontend\node_modules\@next\swc-linux-arm64-gnu
131 silly reify mark deleted [
131 silly reify   'C:\\projetos\\sys-rbx-frontend\\node_modules\\@next\\swc-linux-arm64-gnu'
131 silly reify ]
132 verbose reify failed optional dependency C:\projetos\sys-rbx-frontend\node_modules\@next\swc-darwin-x64
133 silly reify mark deleted [
133 silly reify   'C:\\projetos\\sys-rbx-frontend\\node_modules\\@next\\swc-darwin-x64'
133 silly reify ]
134 verbose reify failed optional dependency C:\projetos\sys-rbx-frontend\node_modules\@next\swc-darwin-arm64
135 silly reify mark deleted [
135 silly reify   'C:\\projetos\\sys-rbx-frontend\\node_modules\\@next\\swc-darwin-arm64'
135 silly reify ]
136 http cache dunder-proto@https://registry.npmjs.org/dunder-proto/-/dunder-proto-1.0.1.tgz 0ms (cache hit)
137 http cache math-intrinsics@https://registry.npmjs.org/math-intrinsics/-/math-intrinsics-1.1.0.tgz 0ms (cache hit)
138 http cache get-proto@https://registry.npmjs.org/get-proto/-/get-proto-1.0.1.tgz 0ms (cache hit)
139 http cache call-bind-apply-helpers@https://registry.npmjs.org/call-bind-apply-helpers/-/call-bind-apply-helpers-1.0.2.tgz 0ms (cache hit)
140 http cache side-channel-weakmap@https://registry.npmjs.org/side-channel-weakmap/-/side-channel-weakmap-1.0.2.tgz 0ms (cache hit)
141 http cache call-bound@https://registry.npmjs.org/call-bound/-/call-bound-1.0.4.tgz 0ms (cache hit)
142 http cache side-channel-map@https://registry.npmjs.org/side-channel-map/-/side-channel-map-1.0.1.tgz 0ms (cache hit)
143 http cache side-channel-list@https://registry.npmjs.org/side-channel-list/-/side-channel-list-1.0.0.tgz 0ms (cache hit)
144 http cache qs@https://registry.npmjs.org/qs/-/qs-6.14.0.tgz 0ms (cache hit)
145 http cache object-inspect@https://registry.npmjs.org/object-inspect/-/object-inspect-1.13.4.tgz 0ms (cache hit)
146 http cache gopd@https://registry.npmjs.org/gopd/-/gopd-1.2.0.tgz 0ms (cache hit)
147 http cache side-channel@https://registry.npmjs.org/side-channel/-/side-channel-1.1.0.tgz 0ms (cache hit)
148 http cache has-symbols@https://registry.npmjs.org/has-symbols/-/has-symbols-1.1.0.tgz 0ms (cache hit)
149 http cache get-intrinsic@https://registry.npmjs.org/get-intrinsic/-/get-intrinsic-1.3.0.tgz 1ms (cache hit)
150 http cache es-object-atoms@https://registry.npmjs.org/es-object-atoms/-/es-object-atoms-1.1.1.tgz 0ms (cache hit)
151 http cache es-define-property@https://registry.npmjs.org/es-define-property/-/es-define-property-1.0.1.tgz 0ms (cache hit)
152 silly tarball no local data for dunder-proto@https://registry.npmjs.org/dunder-proto/-/dunder-proto-1.0.1.tgz. Extracting by manifest.
153 silly tarball no local data for math-intrinsics@https://registry.npmjs.org/math-intrinsics/-/math-intrinsics-1.1.0.tgz. Extracting by manifest.
154 silly tarball no local data for get-proto@https://registry.npmjs.org/get-proto/-/get-proto-1.0.1.tgz. Extracting by manifest.
155 silly tarball no local data for call-bind-apply-helpers@https://registry.npmjs.org/call-bind-apply-helpers/-/call-bind-apply-helpers-1.0.2.tgz. Extracting by manifest.
156 silly tarball no local data for side-channel-weakmap@https://registry.npmjs.org/side-channel-weakmap/-/side-channel-weakmap-1.0.2.tgz. Extracting by manifest.
157 silly tarball no local data for call-bound@https://registry.npmjs.org/call-bound/-/call-bound-1.0.4.tgz. Extracting by manifest.
158 silly tarball no local data for side-channel-map@https://registry.npmjs.org/side-channel-map/-/side-channel-map-1.0.1.tgz. Extracting by manifest.
159 silly tarball no local data for side-channel-list@https://registry.npmjs.org/side-channel-list/-/side-channel-list-1.0.0.tgz. Extracting by manifest.
160 silly tarball no local data for qs@https://registry.npmjs.org/qs/-/qs-6.14.0.tgz. Extracting by manifest.
161 silly tarball no local data for object-inspect@https://registry.npmjs.org/object-inspect/-/object-inspect-1.13.4.tgz. Extracting by manifest.
162 silly tarball no local data for gopd@https://registry.npmjs.org/gopd/-/gopd-1.2.0.tgz. Extracting by manifest.
163 silly tarball no local data for side-channel@https://registry.npmjs.org/side-channel/-/side-channel-1.1.0.tgz. Extracting by manifest.
164 silly tarball no local data for has-symbols@https://registry.npmjs.org/has-symbols/-/has-symbols-1.1.0.tgz. Extracting by manifest.
165 silly tarball no local data for get-intrinsic@https://registry.npmjs.org/get-intrinsic/-/get-intrinsic-1.3.0.tgz. Extracting by manifest.
166 silly tarball no local data for es-object-atoms@https://registry.npmjs.org/es-object-atoms/-/es-object-atoms-1.1.1.tgz. Extracting by manifest.
167 silly tarball no local data for es-define-property@https://registry.npmjs.org/es-define-property/-/es-define-property-1.0.1.tgz. Extracting by manifest.
168 http fetch POST 200 https://registry.npmjs.org/-/npm/v1/security/advisories/bulk 300ms
169 silly audit report {
169 silly audit report   '@babel/runtime': [
169 silly audit report     {
169 silly audit report       id: 1104000,
169 silly audit report       url: 'https://github.com/advisories/GHSA-968p-4wvh-cqc8',
169 silly audit report       title: 'Babel has inefficient RegExp complexity in generated code with .replace when transpiling named capturing groups',
169 silly audit report       severity: 'moderate',
169 silly audit report       vulnerable_versions: '<7.26.10',
169 silly audit report       cwe: [Array],
169 silly audit report       cvss: [Object]
169 silly audit report     }
169 silly audit report   ],
169 silly audit report   'brace-expansion': [
169 silly audit report     {
169 silly audit report       id: 1105443,
169 silly audit report       url: 'https://github.com/advisories/GHSA-v6h2-p8h4-qcjw',
169 silly audit report       title: 'brace-expansion Regular Expression Denial of Service vulnerability',
169 silly audit report       severity: 'low',
169 silly audit report       vulnerable_versions: '>=1.0.0 <=1.1.11',
169 silly audit report       cwe: [Array],
169 silly audit report       cvss: [Object]
169 silly audit report     },
169 silly audit report     {
169 silly audit report       id: 1105444,
169 silly audit report       url: 'https://github.com/advisories/GHSA-v6h2-p8h4-qcjw',
169 silly audit report       title: 'brace-expansion Regular Expression Denial of Service vulnerability',
169 silly audit report       severity: 'low',
169 silly audit report       vulnerable_versions: '>=2.0.0 <=2.0.1',
169 silly audit report       cwe: [Array],
169 silly audit report       cvss: [Object]
169 silly audit report     }
169 silly audit report   ],
169 silly audit report   axios: [
169 silly audit report     {
169 silly audit report       id: 1103618,
169 silly audit report       url: 'https://github.com/advisories/GHSA-jr5f-v2jv-69x6',
169 silly audit report       title: 'axios Requests Vulnerable To Possible SSRF and Credential Leakage via Absolute URL',
169 silly audit report       severity: 'high',
169 silly audit report       vulnerable_versions: '>=1.0.0 <1.8.2',
169 silly audit report       cwe: [Array],
169 silly audit report       cvss: [Object]
169 silly audit report     },
169 silly audit report     {
169 silly audit report       id: 1098583,
169 silly audit report       url: 'https://github.com/advisories/GHSA-8hc4-vh64-cxmj',
169 silly audit report       title: 'Server-Side Request Forgery in axios',
169 silly audit report       severity: 'high',
169 silly audit report       vulnerable_versions: '>=1.3.2 <=1.7.3',
169 silly audit report       cwe: [Array],
169 silly audit report       cvss: [Object]
169 silly audit report     }
169 silly audit report   ],
169 silly audit report   cookie: [
169 silly audit report     {
169 silly audit report       id: 1103907,
169 silly audit report       url: 'https://github.com/advisories/GHSA-pxg6-pf52-xh8x',
169 silly audit report       title: 'cookie accepts cookie name, path, and domain with out of bounds characters',
169 silly audit report       severity: 'low',
169 silly audit report       vulnerable_versions: '<0.7.0',
169 silly audit report       cwe: [Array],
169 silly audit report       cvss: [Object]
169 silly audit report     }
169 silly audit report   ],
169 silly audit report   'cross-spawn': [
169 silly audit report     {
169 silly audit report       id: 1104664,
169 silly audit report       url: 'https://github.com/advisories/GHSA-3xgq-45jj-v275',
169 silly audit report       title: 'Regular Expression Denial of Service (ReDoS) in cross-spawn',
169 silly audit report       severity: 'high',
169 silly audit report       vulnerable_versions: '>=7.0.0 <7.0.5',
169 silly audit report       cwe: [Array],
169 silly audit report       cvss: [Object]
169 silly audit report     }
169 silly audit report   ],
169 silly audit report   micromatch: [
169 silly audit report     {
169 silly audit report       id: 1098681,
169 silly audit report       url: 'https://github.com/advisories/GHSA-952p-6rrq-rcjv',
169 silly audit report       title: 'Regular Expression Denial of Service (ReDoS) in micromatch',
169 silly audit report       severity: 'moderate',
169 silly audit report       vulnerable_versions: '<4.0.8',
169 silly audit report       cwe: [Array],
169 silly audit report       cvss: [Object]
169 silly audit report     }
169 silly audit report   ],
169 silly audit report   nanoid: [
169 silly audit report     {
169 silly audit report       id: 1101163,
169 silly audit report       url: 'https://github.com/advisories/GHSA-mwcw-c2x4-8c55',
169 silly audit report       title: 'Predictable results in nanoid generation when given non-integer values',
169 silly audit report       severity: 'moderate',
169 silly audit report       vulnerable_versions: '<3.3.8',
169 silly audit report       cwe: [Array],
169 silly audit report       cvss: [Object]
169 silly audit report     }
169 silly audit report   ],
169 silly audit report   next: [
169 silly audit report     {
169 silly audit report       id: 1099638,
169 silly audit report       url: 'https://github.com/advisories/GHSA-gp8f-8m3g-qvj9',
169 silly audit report       title: 'Next.js Cache Poisoning',
169 silly audit report       severity: 'high',
169 silly audit report       vulnerable_versions: '>=14.0.0 <14.2.10',
169 silly audit report       cwe: [Array],
169 silly audit report       cvss: [Object]
169 silly audit report     },
169 silly audit report     {
169 silly audit report       id: 1100421,
169 silly audit report       url: 'https://github.com/advisories/GHSA-g77x-44xx-532m',
169 silly audit report       title: 'Denial of Service condition in Next.js image optimization',
169 silly audit report       severity: 'moderate',
169 silly audit report       vulnerable_versions: '>=10.0.0 <14.2.7',
169 silly audit report       cwe: [Array],
169 silly audit report       cvss: [Object]
169 silly audit report     },
169 silly audit report     {
169 silly audit report       id: 1101380,
169 silly audit report       url: 'https://github.com/advisories/GHSA-7gfc-8cq8-jh5f',
169 silly audit report       title: 'Next.js authorization bypass vulnerability',
169 silly audit report       severity: 'high',
169 silly audit report       vulnerable_versions: '>=9.5.5 <14.2.15',
169 silly audit report       cwe: [Array],
169 silly audit report       cvss: [Object]
169 silly audit report     },
169 silly audit report     {
169 silly audit report       id: 1101438,
169 silly audit report       url: 'https://github.com/advisories/GHSA-7m27-7ghc-44w9',
169 silly audit report       title: 'Next.js Allows a Denial of Service (DoS) with Server Actions',
169 silly audit report       severity: 'moderate',
169 silly audit report       vulnerable_versions: '>=14.0.0 <14.2.21',
169 silly audit report       cwe: [Array],
169 silly audit report       cvss: [Object]
169 silly audit report     },
169 silly audit report     {
169 silly audit report       id: 1103622,
169 silly audit report       url: 'https://github.com/advisories/GHSA-f82v-jwr5-mffw',
169 silly audit report       title: 'Authorization Bypass in Next.js Middleware',
169 silly audit report       severity: 'critical',
169 silly audit report       vulnerable_versions: '>=14.0.0 <14.2.25',
169 silly audit report       cwe: [Array],
169 silly audit report       cvss: [Object]
169 silly audit report     },
169 silly audit report     {
169 silly audit report       id: 1104490,
169 silly audit report       url: 'https://github.com/advisories/GHSA-qpjv-v59x-3qc4',
169 silly audit report       title: 'Next.js Race Condition to Cache Poisoning',
169 silly audit report       severity: 'low',
169 silly audit report       vulnerable_versions: '<14.2.24',
169 silly audit report       cwe: [Array],
169 silly audit report       cvss: [Object]
169 silly audit report     },
169 silly audit report     {
169 silly audit report       id: 1105461,
169 silly audit report       url: 'https://github.com/advisories/GHSA-3h52-269p-cp9r',
169 silly audit report       title: 'Information exposure in Next.js dev server due to lack of origin verification',
169 silly audit report       severity: 'low',
169 silly audit report       vulnerable_versions: '>=13.0 <14.2.30',
169 silly audit report       cwe: [Array],
169 silly audit report       cvss: [Object]
169 silly audit report     }
169 silly audit report   ]
169 silly audit report }
170 silly packumentCache corgi:https://registry.npmjs.org/@babel%2fruntime cache-miss
171 silly packumentCache corgi:https://registry.npmjs.org/brace-expansion cache-miss
172 silly packumentCache corgi:https://registry.npmjs.org/axios cache-miss
173 silly packumentCache corgi:https://registry.npmjs.org/cookie cache-miss
174 silly packumentCache corgi:https://registry.npmjs.org/cross-spawn cache-miss
175 silly packumentCache corgi:https://registry.npmjs.org/micromatch cache-miss
176 silly packumentCache corgi:https://registry.npmjs.org/nanoid cache-miss
177 silly packumentCache corgi:https://registry.npmjs.org/next cache-miss
178 http fetch GET 200 https://registry.npmjs.org/cookie 277ms (cache miss)
179 silly packumentCache corgi:https://registry.npmjs.org/cookie set size:undefined disposed:false
180 http fetch GET 200 https://registry.npmjs.org/brace-expansion 327ms (cache miss)
181 silly packumentCache corgi:https://registry.npmjs.org/brace-expansion set size:undefined disposed:false
182 http fetch GET 200 https://registry.npmjs.org/cross-spawn 360ms (cache miss)
183 silly packumentCache corgi:https://registry.npmjs.org/cross-spawn set size:undefined disposed:false
184 http fetch GET 200 https://registry.npmjs.org/es-define-property/-/es-define-property-1.0.1.tgz 648ms (cache miss)
185 http fetch GET 200 https://registry.npmjs.org/micromatch 437ms (cache miss)
186 silly packumentCache corgi:https://registry.npmjs.org/micromatch set size:undefined disposed:false
187 http fetch GET 200 https://registry.npmjs.org/side-channel-weakmap/-/side-channel-weakmap-1.0.2.tgz 721ms (cache miss)
188 http fetch GET 200 https://registry.npmjs.org/call-bound/-/call-bound-1.0.4.tgz 752ms (cache miss)
189 http fetch GET 200 https://registry.npmjs.org/dunder-proto/-/dunder-proto-1.0.1.tgz 809ms (cache miss)
190 http fetch GET 200 https://registry.npmjs.org/side-channel-map/-/side-channel-map-1.0.1.tgz 814ms (cache miss)
191 http fetch GET 200 https://registry.npmjs.org/side-channel/-/side-channel-1.1.0.tgz 871ms (cache miss)
192 http fetch GET 200 https://registry.npmjs.org/get-proto/-/get-proto-1.0.1.tgz 901ms (cache miss)
193 http fetch GET 200 https://registry.npmjs.org/get-intrinsic/-/get-intrinsic-1.3.0.tgz 892ms (cache miss)
194 http fetch GET 200 https://registry.npmjs.org/es-object-atoms/-/es-object-atoms-1.1.1.tgz 949ms (cache miss)
195 http fetch GET 200 https://registry.npmjs.org/nanoid 693ms (cache miss)
196 silly packumentCache corgi:https://registry.npmjs.org/nanoid set size:undefined disposed:false
197 http fetch GET 200 https://registry.npmjs.org/side-channel-list/-/side-channel-list-1.0.0.tgz 1040ms (cache miss)
198 http fetch GET 200 https://registry.npmjs.org/@babel%2fruntime 789ms (cache miss)
199 silly packumentCache corgi:https://registry.npmjs.org/@babel%2fruntime set size:undefined disposed:false
200 http fetch GET 200 https://registry.npmjs.org/gopd/-/gopd-1.2.0.tgz 1117ms (cache miss)
201 http fetch GET 200 https://registry.npmjs.org/axios 872ms (cache miss)
202 silly packumentCache corgi:https://registry.npmjs.org/axios set size:undefined disposed:false
203 http fetch GET 200 https://registry.npmjs.org/has-symbols/-/has-symbols-1.1.0.tgz 1278ms (cache miss)
204 http fetch GET 200 https://registry.npmjs.org/call-bind-apply-helpers/-/call-bind-apply-helpers-1.0.2.tgz 1328ms (cache miss)
205 http fetch GET 200 https://registry.npmjs.org/qs/-/qs-6.14.0.tgz 1550ms (cache miss)
206 http fetch GET 200 https://registry.npmjs.org/math-intrinsics/-/math-intrinsics-1.1.0.tgz 1603ms (cache miss)
207 http fetch GET 200 https://registry.npmjs.org/object-inspect/-/object-inspect-1.13.4.tgz 1654ms (cache miss)
208 http fetch GET 200 https://registry.npmjs.org/next 6155ms (cache miss)
209 silly packumentCache corgi:https://registry.npmjs.org/next set size:undefined disposed:false
210 silly packumentCache corgi:https://registry.npmjs.org/@emotion%2fbabel-plugin cache-miss
211 silly packumentCache corgi:https://registry.npmjs.org/@emotion%2freact cache-miss
212 silly packumentCache corgi:https://registry.npmjs.org/@emotion%2fstyled cache-miss
213 silly packumentCache corgi:https://registry.npmjs.org/babel-plugin-macros cache-miss
214 silly packumentCache corgi:https://registry.npmjs.org/date-fns cache-miss
215 silly packumentCache corgi:https://registry.npmjs.org/eslint-plugin-jsx-a11y cache-miss
216 silly packumentCache corgi:https://registry.npmjs.org/next-auth cache-miss
217 silly packumentCache corgi:https://registry.npmjs.org/react-clientside-effect cache-miss
218 silly packumentCache corgi:https://registry.npmjs.org/react-focus-lock cache-miss
219 http fetch GET 200 https://registry.npmjs.org/react-clientside-effect 204ms (cache miss)
220 silly packumentCache corgi:https://registry.npmjs.org/react-clientside-effect set size:undefined disposed:false
221 http fetch GET 200 https://registry.npmjs.org/@emotion%2fbabel-plugin 237ms (cache miss)
222 silly packumentCache corgi:https://registry.npmjs.org/@emotion%2fbabel-plugin set size:undefined disposed:false
223 http fetch GET 200 https://registry.npmjs.org/babel-plugin-macros 266ms (cache miss)
224 silly packumentCache corgi:https://registry.npmjs.org/babel-plugin-macros set size:undefined disposed:false
225 http fetch GET 200 https://registry.npmjs.org/react-focus-lock 283ms (cache miss)
226 silly packumentCache corgi:https://registry.npmjs.org/react-focus-lock set size:undefined disposed:false
227 http fetch GET 200 https://registry.npmjs.org/@emotion%2freact 314ms (cache miss)
228 silly packumentCache corgi:https://registry.npmjs.org/@emotion%2freact set size:undefined disposed:false
229 http fetch GET 200 https://registry.npmjs.org/eslint-plugin-jsx-a11y 322ms (cache miss)
230 silly packumentCache corgi:https://registry.npmjs.org/eslint-plugin-jsx-a11y set size:undefined disposed:false
231 http fetch GET 200 https://registry.npmjs.org/@emotion%2fstyled 376ms (cache miss)
232 silly packumentCache corgi:https://registry.npmjs.org/@emotion%2fstyled set size:undefined disposed:false
233 http fetch GET 200 https://registry.npmjs.org/date-fns 393ms (cache miss)
234 silly packumentCache corgi:https://registry.npmjs.org/date-fns set size:undefined disposed:false
235 http fetch GET 200 https://registry.npmjs.org/next-auth 473ms (cache miss)
236 silly packumentCache corgi:https://registry.npmjs.org/next-auth set size:undefined disposed:false
237 silly packumentCache corgi:https://registry.npmjs.org/minimatch cache-miss
238 http fetch GET 200 https://registry.npmjs.org/minimatch 67ms (cache miss)
239 silly packumentCache corgi:https://registry.npmjs.org/minimatch set size:undefined disposed:false
240 silly packumentCache corgi:https://registry.npmjs.org/@types%2faxios cache-miss
241 http fetch GET 200 https://registry.npmjs.org/@types%2faxios 72ms (cache miss)
242 silly packumentCache corgi:https://registry.npmjs.org/@types%2faxios set size:undefined disposed:false
243 silly packumentCache corgi:https://registry.npmjs.org/cross-env cache-miss
244 silly packumentCache corgi:https://registry.npmjs.org/eslint cache-miss
245 silly packumentCache corgi:https://registry.npmjs.org/foreground-child cache-miss
246 http fetch GET 200 https://registry.npmjs.org/foreground-child 106ms (cache miss)
247 silly packumentCache corgi:https://registry.npmjs.org/foreground-child set size:undefined disposed:false
248 http fetch GET 200 https://registry.npmjs.org/cross-env 121ms (cache miss)
249 silly packumentCache corgi:https://registry.npmjs.org/cross-env set size:undefined disposed:false
250 http fetch GET 200 https://registry.npmjs.org/eslint 225ms (cache miss)
251 silly packumentCache corgi:https://registry.npmjs.org/eslint set size:undefined disposed:false
252 silly packumentCache corgi:https://registry.npmjs.org/fast-glob cache-miss
253 http fetch GET 200 https://registry.npmjs.org/fast-glob 58ms (cache miss)
254 silly packumentCache corgi:https://registry.npmjs.org/fast-glob set size:undefined disposed:false
255 silly packumentCache corgi:https://registry.npmjs.org/postcss cache-miss
256 http fetch GET 200 https://registry.npmjs.org/postcss 90ms (cache miss)
257 silly packumentCache corgi:https://registry.npmjs.org/postcss set size:undefined disposed:false
258 silly ADD node_modules/dunder-proto
259 silly ADD node_modules/math-intrinsics
260 silly ADD node_modules/get-proto
261 silly ADD node_modules/call-bind-apply-helpers
262 silly ADD node_modules/call-bound
263 silly ADD node_modules/side-channel-weakmap
264 silly ADD node_modules/side-channel-map
265 silly ADD node_modules/side-channel-list
266 silly ADD node_modules/qs
267 silly ADD node_modules/@next/swc-win32-ia32-msvc
268 silly ADD node_modules/@next/swc-win32-arm64-msvc
269 silly ADD node_modules/@next/swc-linux-x64-musl
270 silly ADD node_modules/@next/swc-linux-x64-gnu
271 silly ADD node_modules/@next/swc-linux-arm64-musl
272 silly ADD node_modules/@next/swc-linux-arm64-gnu
273 silly ADD node_modules/@next/swc-darwin-x64
274 silly ADD node_modules/@next/swc-darwin-arm64
275 silly CHANGE node_modules/side-channel
276 silly CHANGE node_modules/object-inspect
277 silly CHANGE node_modules/has-symbols
278 silly CHANGE node_modules/gopd
279 silly CHANGE node_modules/get-intrinsic
280 silly CHANGE node_modules/es-object-atoms
281 silly CHANGE node_modules/es-define-property
282 verbose cwd C:\projetos\sys-rbx-frontend
283 verbose os Windows_NT 10.0.19045
284 verbose node v22.14.0
285 verbose npm  v11.4.0
286 verbose exit 0
287 info ok
