0 verbose cli C:\Program Files\nodejs\node.exe C:\Users\Douglas\.npm-global\node_modules\npm\bin\npm-cli.js
1 info using npm@11.4.0
2 info using node@v22.14.0
3 silly config load:file:C:\Users\Douglas\.npm-global\node_modules\npm\npmrc
4 silly config load:file:C:\projetos\sys-rbx-frontend\.npmrc
5 silly config load:file:C:\Users\Douglas\.npmrc
6 silly config load:file:C:\Users\Douglas\.npm-global\etc\npmrc
7 verbose title npm install @types/qs
8 verbose argv "install" "--save-dev" "@types/qs"
9 verbose logfile logs-max:10 dir:C:\projetos\sys-rbx-frontend\UsersDouglasAppDataRoamingnpm-cache\_logs\2025-06-16T16_28_03_894Z-
10 verbose logfile C:\projetos\sys-rbx-frontend\UsersDouglasAppDataRoamingnpm-cache\_logs\2025-06-16T16_28_03_894Z-debug-0.log
11 silly logfile done cleaning log files
12 silly packumentCache heap:4345298944 maxSize:1086324736 maxEntrySize:543162368
13 silly idealTree buildDeps
14 silly fetch manifest @types/qs@*
15 silly packumentCache full:https://registry.npmjs.org/@types%2fqs cache-miss
16 http fetch GET 200 https://registry.npmjs.org/@types%2fqs 1251ms (cache miss)
17 silly packumentCache full:https://registry.npmjs.org/@types%2fqs set size:undefined disposed:false
18 silly placeDep ROOT @types/qs@6.14.0 OK for: sys-rbx-frontend@0.1.0 want: *
19 silly reify moves {}
20 silly audit bulk request {
20 silly audit   '@babel/code-frame': [ '7.24.2' ],
20 silly audit   '@babel/helper-module-imports': [ '7.24.3' ],
20 silly audit   '@babel/helper-string-parser': [ '7.24.1' ],
20 silly audit   '@babel/helper-validator-identifier': [ '7.24.5' ],
20 silly audit   '@babel/highlight': [ '7.24.5' ],
20 silly audit   'ansi-styles': [ '3.2.1', '4.3.0', '6.2.1' ],
20 silly audit   chalk: [ '2.4.2', '4.1.2' ],
20 silly audit   'color-convert': [ '1.9.3', '2.0.1' ],
20 silly audit   'color-name': [ '1.1.3', '1.1.4' ],
20 silly audit   'escape-string-regexp': [ '1.0.5', '4.0.0' ],
20 silly audit   'has-flag': [ '3.0.0', '4.0.0' ],
20 silly audit   'supports-color': [ '5.5.0', '7.2.0' ],
20 silly audit   '@babel/runtime': [ '7.24.5' ],
20 silly audit   '@babel/types': [ '7.24.5' ],
20 silly audit   '@chakra-ui/accordion': [ '2.3.1' ],
20 silly audit   '@chakra-ui/alert': [ '2.2.2' ],
20 silly audit   '@chakra-ui/anatomy': [ '2.2.2' ],
20 silly audit   '@chakra-ui/avatar': [ '2.3.0' ],
20 silly audit   '@chakra-ui/breadcrumb': [ '2.2.0' ],
20 silly audit   '@chakra-ui/breakpoint-utils': [ '2.0.8' ],
20 silly audit   '@chakra-ui/button': [ '2.1.0' ],
20 silly audit   '@chakra-ui/card': [ '2.2.0' ],
20 silly audit   '@chakra-ui/checkbox': [ '2.3.2' ],
20 silly audit   '@chakra-ui/clickable': [ '2.1.0' ],
20 silly audit   '@chakra-ui/close-button': [ '2.1.1' ],
20 silly audit   '@chakra-ui/color-mode': [ '2.2.0' ],
20 silly audit   '@chakra-ui/control-box': [ '2.1.0' ],
20 silly audit   '@chakra-ui/counter': [ '2.1.0' ],
20 silly audit   '@chakra-ui/css-reset': [ '2.3.0' ],
20 silly audit   '@chakra-ui/descendant': [ '3.1.0' ],
20 silly audit   '@chakra-ui/dom-utils': [ '2.1.0' ],
20 silly audit   '@chakra-ui/editable': [ '3.1.0' ],
20 silly audit   '@chakra-ui/event-utils': [ '2.0.8' ],
20 silly audit   '@chakra-ui/focus-lock': [ '2.1.0' ],
20 silly audit   '@chakra-ui/form-control': [ '2.2.0' ],
20 silly audit   '@chakra-ui/hooks': [ '2.2.1' ],
20 silly audit   '@chakra-ui/icon': [ '3.2.0' ],
20 silly audit   '@chakra-ui/icons': [ '2.1.1' ],
20 silly audit   '@chakra-ui/image': [ '2.1.0' ],
20 silly audit   '@chakra-ui/input': [ '2.1.2' ],
20 silly audit   '@chakra-ui/layout': [ '2.3.1' ],
20 silly audit   '@chakra-ui/lazy-utils': [ '2.0.5' ],
20 silly audit   '@chakra-ui/live-region': [ '2.1.0' ],
20 silly audit   '@chakra-ui/media-query': [ '3.3.0' ],
20 silly audit   '@chakra-ui/menu': [ '2.2.1' ],
20 silly audit   '@chakra-ui/modal': [ '2.3.1' ],
20 silly audit   '@chakra-ui/number-input': [ '2.1.2' ],
20 silly audit   '@chakra-ui/number-utils': [ '2.0.7' ],
20 silly audit   '@chakra-ui/object-utils': [ '2.1.0' ],
20 silly audit   '@chakra-ui/pin-input': [ '2.1.0' ],
20 silly audit   '@chakra-ui/popover': [ '2.2.1' ],
20 silly audit   '@chakra-ui/popper': [ '3.1.0' ],
20 silly audit   '@chakra-ui/portal': [ '2.1.0' ],
20 silly audit   '@chakra-ui/progress': [ '2.2.0' ],
20 silly audit   '@chakra-ui/provider': [ '2.4.2' ],
20 silly audit   '@chakra-ui/radio': [ '2.1.2' ],
20 silly audit   '@chakra-ui/react': [ '2.8.2' ],
20 silly audit   '@chakra-ui/react-children-utils': [ '2.0.6' ],
20 silly audit   '@chakra-ui/react-context': [ '2.1.0' ],
20 silly audit   '@chakra-ui/react-env': [ '3.1.0' ],
20 silly audit   '@chakra-ui/react-types': [ '2.0.7' ],
20 silly audit   '@chakra-ui/react-use-animation-state': [ '2.1.0' ],
20 silly audit   '@chakra-ui/react-use-callback-ref': [ '2.1.0' ],
20 silly audit   '@chakra-ui/react-use-controllable-state': [ '2.1.0' ],
20 silly audit   '@chakra-ui/react-use-disclosure': [ '2.1.0' ],
20 silly audit   '@chakra-ui/react-use-event-listener': [ '2.1.0' ],
20 silly audit   '@chakra-ui/react-use-focus-effect': [ '2.1.0' ],
20 silly audit   '@chakra-ui/react-use-focus-on-pointer-down': [ '2.1.0' ],
20 silly audit   '@chakra-ui/react-use-interval': [ '2.1.0' ],
20 silly audit   '@chakra-ui/react-use-latest-ref': [ '2.1.0' ],
20 silly audit   '@chakra-ui/react-use-merge-refs': [ '2.1.0' ],
20 silly audit   '@chakra-ui/react-use-outside-click': [ '2.2.0' ],
20 silly audit   '@chakra-ui/react-use-pan-event': [ '2.1.0' ],
20 silly audit   '@chakra-ui/react-use-previous': [ '2.1.0' ],
20 silly audit   '@chakra-ui/react-use-safe-layout-effect': [ '2.1.0' ],
20 silly audit   '@chakra-ui/react-use-size': [ '2.1.0' ],
20 silly audit   '@chakra-ui/react-use-timeout': [ '2.1.0' ],
20 silly audit   '@chakra-ui/react-use-update-effect': [ '2.1.0' ],
20 silly audit   '@chakra-ui/react-utils': [ '2.0.12' ],
20 silly audit   '@chakra-ui/select': [ '2.1.2' ],
20 silly audit   '@chakra-ui/shared-utils': [ '2.0.5' ],
20 silly audit   '@chakra-ui/skeleton': [ '2.1.0' ],
20 silly audit   '@chakra-ui/skip-nav': [ '2.1.0' ],
20 silly audit   '@chakra-ui/slider': [ '2.1.0' ],
20 silly audit   '@chakra-ui/spinner': [ '2.1.0' ],
20 silly audit   '@chakra-ui/stat': [ '2.1.1' ],
20 silly audit   '@chakra-ui/stepper': [ '2.3.1' ],
20 silly audit   '@chakra-ui/styled-system': [ '2.9.2' ],
20 silly audit   '@chakra-ui/switch': [ '2.1.2' ],
20 silly audit   '@chakra-ui/system': [ '2.6.2' ],
20 silly audit   '@chakra-ui/table': [ '2.1.0' ],
20 silly audit   '@chakra-ui/tabs': [ '3.0.0' ],
20 silly audit   '@chakra-ui/tag': [ '3.1.1' ],
20 silly audit   '@chakra-ui/textarea': [ '2.1.2' ],
20 silly audit   '@chakra-ui/theme': [ '3.3.1' ],
20 silly audit   '@chakra-ui/theme-tools': [ '2.1.2' ],
20 silly audit   '@chakra-ui/theme-utils': [ '2.0.21' ],
20 silly audit   '@chakra-ui/toast': [ '7.0.2' ],
20 silly audit   '@chakra-ui/tooltip': [ '2.3.1' ],
20 silly audit   '@chakra-ui/transition': [ '2.1.0' ],
20 silly audit   '@chakra-ui/utils': [ '2.0.15' ],
20 silly audit   '@chakra-ui/visually-hidden': [ '2.2.0' ],
20 silly audit   '@emotion/babel-plugin': [ '11.11.0' ],
20 silly audit   '@emotion/cache': [ '11.11.0' ],
20 silly audit   '@emotion/hash': [ '0.9.1' ],
20 silly audit   '@emotion/is-prop-valid': [ '1.2.2', '0.8.8' ],
20 silly audit   '@emotion/memoize': [ '0.8.1', '0.7.4' ],
20 silly audit   '@emotion/react': [ '11.11.4' ],
20 silly audit   '@emotion/serialize': [ '1.1.4' ],
20 silly audit   '@emotion/sheet': [ '1.2.2' ],
20 silly audit   '@emotion/styled': [ '11.11.5' ],
20 silly audit   '@emotion/unitless': [ '0.8.1' ],
20 silly audit   '@emotion/use-insertion-effect-with-fallbacks': [ '1.0.1' ],
20 silly audit   '@emotion/utils': [ '1.2.1' ],
20 silly audit   '@emotion/weak-memoize': [ '0.3.1' ],
20 silly audit   '@eslint-community/eslint-utils': [ '4.4.0' ],
20 silly audit   '@eslint-community/regexpp': [ '4.10.0' ],
20 silly audit   '@eslint/eslintrc': [ '2.1.4' ],
20 silly audit   '@eslint/js': [ '8.57.0' ],
20 silly audit   '@foliojs-fork/fontkit': [ '1.9.2' ],
20 silly audit   '@foliojs-fork/linebreak': [ '1.1.2' ],
20 silly audit   '@foliojs-fork/pdfkit': [ '0.14.0' ],
20 silly audit   '@foliojs-fork/restructure': [ '2.0.2' ],
20 silly audit   '@fortawesome/fontawesome-free': [ '6.5.2' ],
20 silly audit   '@hapi/address': [ '4.1.0' ],
20 silly audit   '@hapi/formula': [ '2.0.0' ],
20 silly audit   '@hapi/hoek': [ '9.3.0' ],
20 silly audit   '@hapi/joi': [ '17.1.1' ],
20 silly audit   '@hapi/pinpoint': [ '2.0.1' ],
20 silly audit   '@hapi/topo': [ '5.1.0' ],
20 silly audit   '@humanwhocodes/config-array': [ '0.11.14' ],
20 silly audit   '@humanwhocodes/module-importer': [ '1.0.1' ],
20 silly audit   '@humanwhocodes/object-schema': [ '2.0.3' ],
20 silly audit   '@isaacs/cliui': [ '8.0.2' ],
20 silly audit   'ansi-regex': [ '6.0.1', '5.0.1' ],
20 silly audit   'strip-ansi': [ '7.1.0', '6.0.1' ],
20 silly audit   '@next/env': [ '14.2.3' ],
20 silly audit   '@next/eslint-plugin-next': [ '14.2.3' ],
20 silly audit   'brace-expansion': [ '2.0.1', '1.1.11' ],
20 silly audit   glob: [ '10.3.10', '7.1.7' ],
20 silly audit   minimatch: [ '9.0.4', '9.0.3', '3.1.2' ],
20 silly audit   '@next/swc-darwin-arm64': [ '14.2.3' ],
20 silly audit   '@next/swc-darwin-x64': [ '14.2.3' ],
20 silly audit   '@next/swc-linux-arm64-gnu': [ '14.2.3' ],
20 silly audit   '@next/swc-linux-arm64-musl': [ '14.2.3' ],
20 silly audit   '@next/swc-linux-x64-gnu': [ '14.2.3' ],
20 silly audit   '@next/swc-linux-x64-musl': [ '14.2.3' ],
20 silly audit   '@next/swc-win32-arm64-msvc': [ '14.2.3' ],
20 silly audit   '@next/swc-win32-ia32-msvc': [ '14.2.3' ],
20 silly audit   '@next/swc-win32-x64-msvc': [ '14.2.3' ],
20 silly audit   '@nodelib/fs.scandir': [ '2.1.5' ],
20 silly audit   '@nodelib/fs.stat': [ '2.0.5' ],
20 silly audit   '@nodelib/fs.walk': [ '1.2.8' ],
20 silly audit   '@panva/hkdf': [ '1.1.1' ],
20 silly audit   '@pkgjs/parseargs': [ '0.11.0' ],
20 silly audit   '@popperjs/core': [ '2.11.8' ],
20 silly audit   '@rushstack/eslint-patch': [ '1.10.3' ],
20 silly audit   '@swc/counter': [ '0.1.3' ],
20 silly audit   '@swc/helpers': [ '0.5.5' ],
20 silly audit   '@types/axios': [ '0.14.0' ],
20 silly audit   '@types/intl': [ '1.2.2' ],
20 silly audit   '@types/json5': [ '0.0.29' ],
20 silly audit   '@types/lodash': [ '4.17.4' ],
20 silly audit   '@types/lodash.mergewith': [ '4.6.7' ],
20 silly audit   '@types/node': [ '20.12.12' ],
20 silly audit   '@types/parse-json': [ '4.0.2' ],
20 silly audit   '@types/pdfkit': [ '0.13.4' ],
20 silly audit   '@types/pdfmake': [ '0.2.9' ],
20 silly audit   '@types/prop-types': [ '15.7.12' ],
20 silly audit   '@types/react': [ '18.3.2' ],
20 silly audit   '@types/react-dom': [ '18.2.7' ],
20 silly audit   '@typescript-eslint/parser': [ '6.21.0' ],
20 silly audit   '@typescript-eslint/scope-manager': [ '6.21.0' ],
20 silly audit   '@typescript-eslint/types': [ '6.21.0' ],
20 silly audit   '@typescript-eslint/typescript-estree': [ '6.21.0' ],
20 silly audit   '@typescript-eslint/visitor-keys': [ '6.21.0' ],
20 silly audit   '@ungap/structured-clone': [ '1.2.0' ],
20 silly audit   '@zag-js/dom-query': [ '0.16.0' ],
20 silly audit   '@zag-js/element-size': [ '0.10.5' ],
20 silly audit   '@zag-js/focus-visible': [ '0.16.0' ],
20 silly audit   acorn: [ '8.11.3' ],
20 silly audit   'acorn-jsx': [ '5.3.2' ],
20 silly audit   ajv: [ '6.12.6' ],
20 silly audit   argparse: [ '2.0.1' ],
20 silly audit   'aria-hidden': [ '1.2.4' ],
20 silly audit   'aria-query': [ '5.3.0' ],
20 silly audit   'array-buffer-byte-length': [ '1.0.1' ],
20 silly audit   'array-includes': [ '3.1.8' ],
20 silly audit   'array-union': [ '2.1.0' ],
20 silly audit   'array.prototype.findlast': [ '1.2.5' ],
20 silly audit   'array.prototype.findlastindex': [ '1.2.5' ],
20 silly audit   'array.prototype.flat': [ '1.3.2' ],
20 silly audit   'array.prototype.flatmap': [ '1.3.2' ],
20 silly audit   'array.prototype.toreversed': [ '1.1.2' ],
20 silly audit   'array.prototype.tosorted': [ '1.1.3' ],
20 silly audit   'arraybuffer.prototype.slice': [ '1.0.3' ],
20 silly audit   'ast-types-flow': [ '0.0.8' ],
20 silly audit   asynckit: [ '0.4.0' ],
20 silly audit   'available-typed-arrays': [ '1.0.7' ],
20 silly audit   'axe-core': [ '4.7.0' ],
20 silly audit   axios: [ '1.7.2' ],
20 silly audit   'axobject-query': [ '3.2.1' ],
20 silly audit   'babel-plugin-macros': [ '3.1.0' ],
20 silly audit   'balanced-match': [ '1.0.2' ],
20 silly audit   'base64-js': [ '1.3.1' ],
20 silly audit   braces: [ '3.0.3' ],
20 silly audit   brotli: [ '1.3.3' ],
20 silly audit   busboy: [ '1.6.0' ],
20 silly audit   'call-bind': [ '1.0.7' ],
20 silly audit   'call-bind-apply-helpers': [ '1.0.2' ],
20 silly audit   'call-bound': [ '1.0.4' ],
20 silly audit   callsites: [ '3.1.0' ],
20 silly audit   'caniuse-lite': [ '1.0.30001620' ],
20 silly audit   'client-only': [ '0.0.1' ],
20 silly audit   clone: [ '1.0.4' ],
20 silly audit   color2k: [ '2.0.3' ],
20 silly audit   'combined-stream': [ '1.0.8' ],
20 silly audit   'compute-scroll-into-view': [ '3.0.3' ],
20 silly audit   'concat-map': [ '0.0.1' ],
20 silly audit   'convert-source-map': [ '1.9.0' ],
20 silly audit   cookie: [ '0.5.0' ],
20 silly audit   'copy-to-clipboard': [ '3.3.3' ],
20 silly audit   cosmiconfig: [ '7.1.0' ],
20 silly audit   'cpf-cnpj-validator': [ '1.0.3' ],
20 silly audit   'cross-env': [ '7.0.3' ],
20 silly audit   'cross-spawn': [ '7.0.3' ],
20 silly audit   'crypto-js': [ '4.2.0' ],
20 silly audit   'css-box-model': [ '1.2.1' ],
20 silly audit   csstype: [ '3.1.3' ],
20 silly audit   'damerau-levenshtein': [ '1.0.8' ],
20 silly audit   'data-view-buffer': [ '1.0.1' ],
20 silly audit   'data-view-byte-length': [ '1.0.1' ],
20 silly audit   'data-view-byte-offset': [ '1.0.0' ],
20 silly audit   'date-fns': [ '2.30.0' ],
20 silly audit   'date-fns-tz': [ '2.0.1' ],
20 silly audit   debug: [ '4.3.4', '3.2.7' ],
20 silly audit   'deep-equal': [ '1.1.2' ],
20 silly audit   'deep-is': [ '0.1.4' ],
20 silly audit   'define-data-property': [ '1.1.4' ],
20 silly audit   'define-properties': [ '1.2.1' ],
20 silly audit   'delayed-stream': [ '1.0.0' ],
20 silly audit   dequal: [ '2.0.3' ],
20 silly audit   'detect-node-es': [ '1.1.0' ],
20 silly audit   dfa: [ '1.2.0' ],
20 silly audit   'dir-glob': [ '3.0.1' ],
20 silly audit   doctrine: [ '3.0.0', '2.1.0' ],
20 silly audit   'dunder-proto': [ '1.0.1' ],
20 silly audit   eastasianwidth: [ '0.2.0' ],
20 silly audit   'emoji-regex': [ '9.2.2', '8.0.0' ],
20 silly audit   'enhanced-resolve': [ '5.16.1' ],
20 silly audit   'error-ex': [ '1.3.2' ],
20 silly audit   'es-abstract': [ '1.23.3' ],
20 silly audit   'es-define-property': [ '1.0.1' ],
20 silly audit   'es-errors': [ '1.3.0' ],
20 silly audit   'es-iterator-helpers': [ '1.0.19' ],
20 silly audit   'es-object-atoms': [ '1.1.1' ],
20 silly audit   'es-set-tostringtag': [ '2.0.3' ],
20 silly audit   'es-shim-unscopables': [ '1.0.2' ],
20 silly audit   'es-to-primitive': [ '1.2.1' ],
20 silly audit   eslint: [ '8.57.0' ],
20 silly audit   'eslint-config-next': [ '14.2.3' ],
20 silly audit   'eslint-import-resolver-node': [ '0.3.9' ],
20 silly audit   'eslint-import-resolver-typescript': [ '3.6.1' ],
20 silly audit   'eslint-module-utils': [ '2.8.1' ],
20 silly audit   'eslint-plugin-import': [ '2.29.1' ],
20 silly audit   semver: [ '6.3.1', '7.6.2' ],
20 silly audit   'eslint-plugin-jsx-a11y': [ '6.8.0' ],
20 silly audit   'eslint-plugin-react': [ '7.34.1' ],
20 silly audit   'eslint-plugin-react-hooks': [ '4.6.2' ],
20 silly audit   resolve: [ '2.0.0-next.5', '1.22.8' ],
20 silly audit   'eslint-plugin-unused-imports': [ '3.2.0' ],
20 silly audit   'eslint-rule-composer': [ '0.3.0' ],
20 silly audit   'eslint-scope': [ '7.2.2' ],
20 silly audit   'eslint-visitor-keys': [ '3.4.3' ],
20 silly audit   espree: [ '9.6.1' ],
20 silly audit   esquery: [ '1.5.0' ],
20 silly audit   esrecurse: [ '4.3.0' ],
20 silly audit   estraverse: [ '5.3.0' ],
20 silly audit   esutils: [ '2.0.3' ],
20 silly audit   'fast-deep-equal': [ '3.1.3' ],
20 silly audit   'fast-glob': [ '3.3.2' ],
20 silly audit   'glob-parent': [ '5.1.2', '6.0.2' ],
20 silly audit   'fast-json-stable-stringify': [ '2.1.0' ],
20 silly audit   'fast-levenshtein': [ '2.0.6' ],
20 silly audit   fastq: [ '1.17.1' ],
20 silly audit   'file-entry-cache': [ '6.0.1' ],
20 silly audit   'fill-range': [ '7.1.1' ],
20 silly audit   'find-root': [ '1.1.0' ],
20 silly audit   'find-up': [ '5.0.0' ],
20 silly audit   'flat-cache': [ '3.2.0' ],
20 silly audit   flatted: [ '3.3.1' ],
20 silly audit   'focus-lock': [ '1.3.5' ],
20 silly audit   'follow-redirects': [ '1.15.6' ],
20 silly audit   'for-each': [ '0.3.3' ],
20 silly audit   'foreground-child': [ '3.1.1' ],
20 silly audit   'form-data': [ '4.0.0' ],
20 silly audit   'framer-motion': [ '10.18.0' ],
20 silly audit   framesync: [ '6.1.2' ],
20 silly audit   tslib: [ '2.4.0', '2.6.2' ],
20 silly audit   'fs.realpath': [ '1.0.0' ],
20 silly audit   'function-bind': [ '1.1.2' ],
20 silly audit   'function.prototype.name': [ '1.1.6' ],
20 silly audit   'functions-have-names': [ '1.2.3' ],
20 silly audit   'get-intrinsic': [ '1.3.0' ],
20 silly audit   'get-nonce': [ '1.0.1' ],
20 silly audit   'get-proto': [ '1.0.1' ],
20 silly audit   'get-symbol-description': [ '1.0.2' ],
20 silly audit   'get-tsconfig': [ '4.7.5' ],
20 silly audit   globals: [ '13.24.0' ],
20 silly audit   globalthis: [ '1.0.4' ],
20 silly audit   globby: [ '11.1.0' ],
20 silly audit   gopd: [ '1.2.0' ],
20 silly audit   'graceful-fs': [ '4.2.11' ],
20 silly audit   graphemer: [ '1.4.0' ],
20 silly audit   'has-bigints': [ '1.0.2' ],
20 silly audit   'has-property-descriptors': [ '1.0.2' ],
20 silly audit   'has-proto': [ '1.0.3' ],
20 silly audit   'has-symbols': [ '1.1.0' ],
20 silly audit   'has-tostringtag': [ '1.0.2' ],
20 silly audit   hasown: [ '2.0.2' ],
20 silly audit   'hoist-non-react-statics': [ '3.3.2' ],
20 silly audit   'iconv-lite': [ '0.6.3' ],
20 silly audit   ignore: [ '5.3.1' ],
20 silly audit   'import-fresh': [ '3.3.0' ],
20 silly audit   imurmurhash: [ '0.1.4' ],
20 silly audit   inflight: [ '1.0.6' ],
20 silly audit   inherits: [ '2.0.4' ],
20 silly audit   'internal-slot': [ '1.0.7' ],
20 silly audit   invariant: [ '2.2.4' ],
20 silly audit   'is-arguments': [ '1.1.1' ],
20 silly audit   'is-array-buffer': [ '3.0.4' ],
20 silly audit   'is-arrayish': [ '0.2.1' ],
20 silly audit   'is-async-function': [ '2.0.0' ],
20 silly audit   'is-bigint': [ '1.0.4' ],
20 silly audit   'is-boolean-object': [ '1.1.2' ],
20 silly audit   'is-callable': [ '1.2.7' ],
20 silly audit   'is-core-module': [ '2.13.1' ],
20 silly audit   'is-data-view': [ '1.0.1' ],
20 silly audit   'is-date-object': [ '1.0.5' ],
20 silly audit   'is-extglob': [ '2.1.1' ],
20 silly audit   'is-finalizationregistry': [ '1.0.2' ],
20 silly audit   'is-fullwidth-code-point': [ '3.0.0' ],
20 silly audit   'is-generator-function': [ '1.0.10' ],
20 silly audit   'is-glob': [ '4.0.3' ],
20 silly audit   'is-map': [ '2.0.3' ],
20 silly audit   'is-negative-zero': [ '2.0.3' ],
20 silly audit   'is-number': [ '7.0.0' ],
20 silly audit   'is-number-object': [ '1.0.7' ],
20 silly audit   'is-path-inside': [ '3.0.3' ],
20 silly audit   'is-regex': [ '1.1.4' ],
20 silly audit   'is-set': [ '2.0.3' ],
20 silly audit   'is-shared-array-buffer': [ '1.0.3' ],
20 silly audit   'is-string': [ '1.0.7' ],
20 silly audit   'is-symbol': [ '1.0.4' ],
20 silly audit   'is-typed-array': [ '1.1.13' ],
20 silly audit   'is-weakmap': [ '2.0.2' ],
20 silly audit   'is-weakref': [ '1.0.2' ],
20 silly audit   'is-weakset': [ '2.0.3' ],
20 silly audit   isarray: [ '2.0.5' ],
20 silly audit   isexe: [ '2.0.0' ],
20 silly audit   'iterator.prototype': [ '1.1.2' ],
20 silly audit   jackspeak: [ '2.3.6' ],
20 silly audit   jose: [ '4.15.5' ],
20 silly audit   'js-tokens': [ '4.0.0' ],
20 silly audit   'js-yaml': [ '4.1.0' ],
20 silly audit   'json-buffer': [ '3.0.1' ],
20 silly audit   'json-parse-even-better-errors': [ '2.3.1' ],
20 silly audit   'json-schema-traverse': [ '0.4.1' ],
20 silly audit   'json-stable-stringify-without-jsonify': [ '1.0.1' ],
20 silly audit   json5: [ '1.0.2' ],
20 silly audit   'jsx-ast-utils': [ '3.3.5' ],
20 silly audit   keyv: [ '4.5.4' ],
20 silly audit   'language-subtag-registry': [ '0.3.23' ],
20 silly audit   'language-tags': [ '1.0.9' ],
20 silly audit   levn: [ '0.4.1' ],
20 silly audit   'lines-and-columns': [ '1.2.4' ],
20 silly audit   'locate-path': [ '6.0.0' ],
20 silly audit   'lodash.merge': [ '4.6.2' ],
20 silly audit   'lodash.mergewith': [ '4.6.2' ],
20 silly audit   'loose-envify': [ '1.4.0' ],
20 silly audit   'lru-cache': [ '6.0.0', '10.2.2' ],
20 silly audit   'math-intrinsics': [ '1.1.0' ],
20 silly audit   merge2: [ '1.4.1' ],
20 silly audit   micromatch: [ '4.0.6' ],
20 silly audit   'mime-db': [ '1.52.0' ],
20 silly audit   'mime-types': [ '2.1.35' ],
20 silly audit   minimist: [ '1.2.8' ],
20 silly audit   minipass: [ '7.1.1' ],
20 silly audit   ms: [ '2.1.2' ],
20 silly audit   nanoid: [ '3.3.7' ],
20 silly audit   'natural-compare': [ '1.4.0' ],
20 silly audit   next: [ '14.2.3' ],
20 silly audit   'next-auth': [ '4.24.7' ],
20 silly audit   oauth: [ '0.9.15' ],
20 silly audit   'object-assign': [ '4.1.1' ],
20 silly audit   'object-hash': [ '2.2.0' ],
20 silly audit   'object-inspect': [ '1.13.4' ],
20 silly audit   'object-is': [ '1.1.6' ],
20 silly audit   'object-keys': [ '1.1.1' ],
20 silly audit   'object.assign': [ '4.1.5' ],
20 silly audit   'object.entries': [ '1.1.8' ],
20 silly audit   'object.fromentries': [ '2.0.8' ],
20 silly audit   'object.groupby': [ '1.0.3' ],
20 silly audit   'object.hasown': [ '1.1.4' ],
20 silly audit   'object.values': [ '1.2.0' ],
20 silly audit   'oidc-token-hash': [ '5.0.3' ],
20 silly audit   once: [ '1.4.0' ],
20 silly audit   'openid-client': [ '5.6.5' ],
20 silly audit   optionator: [ '0.9.4' ],
20 silly audit   'p-limit': [ '3.1.0' ],
20 silly audit   'p-locate': [ '5.0.0' ],
20 silly audit   pako: [ '0.2.9' ],
20 silly audit   'parent-module': [ '1.0.1' ],
20 silly audit   'parse-json': [ '5.2.0' ],
20 silly audit   'path-exists': [ '4.0.0' ],
20 silly audit   'path-is-absolute': [ '1.0.1' ],
20 silly audit   'path-key': [ '3.1.1' ],
20 silly audit   'path-parse': [ '1.0.7' ],
20 silly audit   'path-scurry': [ '1.11.1' ],
20 silly audit   'path-type': [ '4.0.0' ],
20 silly audit   pdfmake: [ '0.2.10' ],
20 silly audit   picocolors: [ '1.0.1' ],
20 silly audit   picomatch: [ '4.0.2' ],
20 silly audit   'png-js': [ '1.0.0' ],
20 silly audit   'possible-typed-array-names': [ '1.0.0' ],
20 silly audit   postcss: [ '8.4.31' ],
20 silly audit   preact: [ '10.22.0' ],
20 silly audit   'preact-render-to-string': [ '5.2.6' ],
20 silly audit   'prelude-ls': [ '1.2.1' ],
20 silly audit   'pretty-format': [ '3.8.0' ],
20 silly audit   'prop-types': [ '15.8.1' ],
20 silly audit   'proxy-from-env': [ '1.1.0' ],
20 silly audit   punycode: [ '2.3.1' ],
20 silly audit   qs: [ '6.14.0' ],
20 silly audit   'queue-microtask': [ '1.2.3' ],
20 silly audit   react: [ '18.2.0' ],
20 silly audit   'react-clientside-effect': [ '1.2.6' ],
20 silly audit   'react-dom': [ '18.2.0' ],
20 silly audit   'react-fast-compare': [ '3.2.2' ],
20 silly audit   'react-focus-lock': [ '2.12.1' ],
20 silly audit   'react-icons': [ '4.12.0' ],
20 silly audit   'react-is': [ '16.13.1' ],
20 silly audit   'react-remove-scroll': [ '2.5.10' ],
20 silly audit   'react-remove-scroll-bar': [ '2.3.6' ],
20 silly audit   'react-spinners': [ '0.13.8' ],
20 silly audit   'react-style-singleton': [ '2.2.1' ],
20 silly audit   'reflect.getprototypeof': [ '1.0.6' ],
20 silly audit   'regenerator-runtime': [ '0.14.1' ],
20 silly audit   'regexp.prototype.flags': [ '1.5.2' ],
20 silly audit   remask: [ '1.2.2' ],
20 silly audit   'resolve-from': [ '4.0.0' ],
20 silly audit   'resolve-pkg-maps': [ '1.0.0' ],
20 silly audit   reusify: [ '1.0.4' ],
20 silly audit   rimraf: [ '3.0.2' ],
20 silly audit   'run-parallel': [ '1.2.0' ],
20 silly audit   'safe-array-concat': [ '1.1.2' ],
20 silly audit   'safe-regex-test': [ '1.0.3' ],
20 silly audit   'safer-buffer': [ '2.1.2' ],
20 silly audit   sax: [ '1.3.0' ],
20 silly audit   scheduler: [ '0.23.2' ],
20 silly audit   'set-function-length': [ '1.2.2' ],
20 silly audit   'set-function-name': [ '2.0.2' ],
20 silly audit   'shebang-command': [ '2.0.0' ],
20 silly audit   'shebang-regex': [ '3.0.0' ],
20 silly audit   'side-channel': [ '1.1.0' ],
20 silly audit   'side-channel-list': [ '1.0.0' ],
20 silly audit   'side-channel-map': [ '1.0.1' ],
20 silly audit   'side-channel-weakmap': [ '1.0.2' ],
20 silly audit   'signal-exit': [ '4.1.0' ],
20 silly audit   slash: [ '3.0.0' ],
20 silly audit   'source-map': [ '0.5.7' ],
20 silly audit   'source-map-js': [ '1.2.0' ],
20 silly audit   streamsearch: [ '1.1.0' ],
20 silly audit   'string-width': [ '5.1.2', '4.2.3' ],
20 silly audit   'string.prototype.matchall': [ '4.0.11' ],
20 silly audit   'string.prototype.trim': [ '1.2.9' ],
20 silly audit   'string.prototype.trimend': [ '1.0.8' ],
20 silly audit   'string.prototype.trimstart': [ '1.0.8' ],
20 silly audit   'strip-bom': [ '3.0.0' ],
20 silly audit   'strip-json-comments': [ '3.1.1' ],
20 silly audit   'styled-jsx': [ '5.1.1' ],
20 silly audit   stylis: [ '4.2.0' ],
20 silly audit   'supports-preserve-symlinks-flag': [ '1.0.0' ],
20 silly audit   tapable: [ '2.2.1' ],
20 silly audit   'text-table': [ '0.2.0' ],
20 silly audit   'tiny-inflate': [ '1.0.3' ],
20 silly audit   'tiny-invariant': [ '1.3.3' ],
20 silly audit   'to-fast-properties': [ '2.0.0' ],
20 silly audit   'to-regex-range': [ '5.0.1' ],
20 silly audit   'toggle-selection': [ '1.0.6' ],
20 silly audit   'ts-api-utils': [ '1.3.0' ],
20 silly audit   'tsconfig-paths': [ '3.15.0' ],
20 silly audit   'type-check': [ '0.4.0' ],
20 silly audit   'type-fest': [ '0.20.2' ],
20 silly audit   'typed-array-buffer': [ '1.0.2' ],
20 silly audit   'typed-array-byte-length': [ '1.0.1' ],
20 silly audit   'typed-array-byte-offset': [ '1.0.2' ],
20 silly audit   'typed-array-length': [ '1.0.6' ],
20 silly audit   typescript: [ '5.4.5' ],
20 silly audit   'unbox-primitive': [ '1.0.2' ],
20 silly audit   'undici-types': [ '5.26.5' ],
20 silly audit   'unicode-properties': [ '1.4.1' ],
20 silly audit   'unicode-trie': [ '2.0.0' ],
20 silly audit   'uri-js': [ '4.4.1' ],
20 silly audit   'use-callback-ref': [ '1.3.2' ],
20 silly audit   'use-sidecar': [ '1.1.2' ],
20 silly audit   uuid: [ '8.3.2' ],
20 silly audit   which: [ '2.0.2' ],
20 silly audit   'which-boxed-primitive': [ '1.0.2' ],
20 silly audit   'which-builtin-type': [ '1.1.3' ],
20 silly audit   'which-collection': [ '1.0.2' ],
20 silly audit   'which-typed-array': [ '1.1.15' ],
20 silly audit   'word-wrap': [ '1.2.5' ],
20 silly audit   'wrap-ansi': [ '8.1.0', '7.0.0' ],
20 silly audit   wrappy: [ '1.0.2' ],
20 silly audit   xmldoc: [ '1.3.0' ],
20 silly audit   yallist: [ '4.0.0' ],
20 silly audit   yaml: [ '1.10.2' ],
20 silly audit   'yocto-queue': [ '0.1.0' ],
20 silly audit   '@types/qs': [ '6.14.0' ]
20 silly audit }
21 http cache @types/qs@https://registry.npmjs.org/@types/qs/-/qs-6.14.0.tgz 2ms (cache hit)
22 silly tarball no local data for @types/qs@https://registry.npmjs.org/@types/qs/-/qs-6.14.0.tgz. Extracting by manifest.
23 http fetch POST 200 https://registry.npmjs.org/-/npm/v1/security/advisories/bulk 295ms
24 silly audit report {
24 silly audit report   '@babel/runtime': [
24 silly audit report     {
24 silly audit report       id: 1104000,
24 silly audit report       url: 'https://github.com/advisories/GHSA-968p-4wvh-cqc8',
24 silly audit report       title: 'Babel has inefficient RegExp complexity in generated code with .replace when transpiling named capturing groups',
24 silly audit report       severity: 'moderate',
24 silly audit report       vulnerable_versions: '<7.26.10',
24 silly audit report       cwe: [Array],
24 silly audit report       cvss: [Object]
24 silly audit report     }
24 silly audit report   ],
24 silly audit report   'brace-expansion': [
24 silly audit report     {
24 silly audit report       id: 1105443,
24 silly audit report       url: 'https://github.com/advisories/GHSA-v6h2-p8h4-qcjw',
24 silly audit report       title: 'brace-expansion Regular Expression Denial of Service vulnerability',
24 silly audit report       severity: 'low',
24 silly audit report       vulnerable_versions: '>=1.0.0 <=1.1.11',
24 silly audit report       cwe: [Array],
24 silly audit report       cvss: [Object]
24 silly audit report     },
24 silly audit report     {
24 silly audit report       id: 1105444,
24 silly audit report       url: 'https://github.com/advisories/GHSA-v6h2-p8h4-qcjw',
24 silly audit report       title: 'brace-expansion Regular Expression Denial of Service vulnerability',
24 silly audit report       severity: 'low',
24 silly audit report       vulnerable_versions: '>=2.0.0 <=2.0.1',
24 silly audit report       cwe: [Array],
24 silly audit report       cvss: [Object]
24 silly audit report     }
24 silly audit report   ],
24 silly audit report   axios: [
24 silly audit report     {
24 silly audit report       id: 1103618,
24 silly audit report       url: 'https://github.com/advisories/GHSA-jr5f-v2jv-69x6',
24 silly audit report       title: 'axios Requests Vulnerable To Possible SSRF and Credential Leakage via Absolute URL',
24 silly audit report       severity: 'high',
24 silly audit report       vulnerable_versions: '>=1.0.0 <1.8.2',
24 silly audit report       cwe: [Array],
24 silly audit report       cvss: [Object]
24 silly audit report     },
24 silly audit report     {
24 silly audit report       id: 1098583,
24 silly audit report       url: 'https://github.com/advisories/GHSA-8hc4-vh64-cxmj',
24 silly audit report       title: 'Server-Side Request Forgery in axios',
24 silly audit report       severity: 'high',
24 silly audit report       vulnerable_versions: '>=1.3.2 <=1.7.3',
24 silly audit report       cwe: [Array],
24 silly audit report       cvss: [Object]
24 silly audit report     }
24 silly audit report   ],
24 silly audit report   cookie: [
24 silly audit report     {
24 silly audit report       id: 1103907,
24 silly audit report       url: 'https://github.com/advisories/GHSA-pxg6-pf52-xh8x',
24 silly audit report       title: 'cookie accepts cookie name, path, and domain with out of bounds characters',
24 silly audit report       severity: 'low',
24 silly audit report       vulnerable_versions: '<0.7.0',
24 silly audit report       cwe: [Array],
24 silly audit report       cvss: [Object]
24 silly audit report     }
24 silly audit report   ],
24 silly audit report   'cross-spawn': [
24 silly audit report     {
24 silly audit report       id: 1104664,
24 silly audit report       url: 'https://github.com/advisories/GHSA-3xgq-45jj-v275',
24 silly audit report       title: 'Regular Expression Denial of Service (ReDoS) in cross-spawn',
24 silly audit report       severity: 'high',
24 silly audit report       vulnerable_versions: '>=7.0.0 <7.0.5',
24 silly audit report       cwe: [Array],
24 silly audit report       cvss: [Object]
24 silly audit report     }
24 silly audit report   ],
24 silly audit report   micromatch: [
24 silly audit report     {
24 silly audit report       id: 1098681,
24 silly audit report       url: 'https://github.com/advisories/GHSA-952p-6rrq-rcjv',
24 silly audit report       title: 'Regular Expression Denial of Service (ReDoS) in micromatch',
24 silly audit report       severity: 'moderate',
24 silly audit report       vulnerable_versions: '<4.0.8',
24 silly audit report       cwe: [Array],
24 silly audit report       cvss: [Object]
24 silly audit report     }
24 silly audit report   ],
24 silly audit report   nanoid: [
24 silly audit report     {
24 silly audit report       id: 1101163,
24 silly audit report       url: 'https://github.com/advisories/GHSA-mwcw-c2x4-8c55',
24 silly audit report       title: 'Predictable results in nanoid generation when given non-integer values',
24 silly audit report       severity: 'moderate',
24 silly audit report       vulnerable_versions: '<3.3.8',
24 silly audit report       cwe: [Array],
24 silly audit report       cvss: [Object]
24 silly audit report     }
24 silly audit report   ],
24 silly audit report   next: [
24 silly audit report     {
24 silly audit report       id: 1099638,
24 silly audit report       url: 'https://github.com/advisories/GHSA-gp8f-8m3g-qvj9',
24 silly audit report       title: 'Next.js Cache Poisoning',
24 silly audit report       severity: 'high',
24 silly audit report       vulnerable_versions: '>=14.0.0 <14.2.10',
24 silly audit report       cwe: [Array],
24 silly audit report       cvss: [Object]
24 silly audit report     },
24 silly audit report     {
24 silly audit report       id: 1100421,
24 silly audit report       url: 'https://github.com/advisories/GHSA-g77x-44xx-532m',
24 silly audit report       title: 'Denial of Service condition in Next.js image optimization',
24 silly audit report       severity: 'moderate',
24 silly audit report       vulnerable_versions: '>=10.0.0 <14.2.7',
24 silly audit report       cwe: [Array],
24 silly audit report       cvss: [Object]
24 silly audit report     },
24 silly audit report     {
24 silly audit report       id: 1101380,
24 silly audit report       url: 'https://github.com/advisories/GHSA-7gfc-8cq8-jh5f',
24 silly audit report       title: 'Next.js authorization bypass vulnerability',
24 silly audit report       severity: 'high',
24 silly audit report       vulnerable_versions: '>=9.5.5 <14.2.15',
24 silly audit report       cwe: [Array],
24 silly audit report       cvss: [Object]
24 silly audit report     },
24 silly audit report     {
24 silly audit report       id: 1101438,
24 silly audit report       url: 'https://github.com/advisories/GHSA-7m27-7ghc-44w9',
24 silly audit report       title: 'Next.js Allows a Denial of Service (DoS) with Server Actions',
24 silly audit report       severity: 'moderate',
24 silly audit report       vulnerable_versions: '>=14.0.0 <14.2.21',
24 silly audit report       cwe: [Array],
24 silly audit report       cvss: [Object]
24 silly audit report     },
24 silly audit report     {
24 silly audit report       id: 1103622,
24 silly audit report       url: 'https://github.com/advisories/GHSA-f82v-jwr5-mffw',
24 silly audit report       title: 'Authorization Bypass in Next.js Middleware',
24 silly audit report       severity: 'critical',
24 silly audit report       vulnerable_versions: '>=14.0.0 <14.2.25',
24 silly audit report       cwe: [Array],
24 silly audit report       cvss: [Object]
24 silly audit report     },
24 silly audit report     {
24 silly audit report       id: 1104490,
24 silly audit report       url: 'https://github.com/advisories/GHSA-qpjv-v59x-3qc4',
24 silly audit report       title: 'Next.js Race Condition to Cache Poisoning',
24 silly audit report       severity: 'low',
24 silly audit report       vulnerable_versions: '<14.2.24',
24 silly audit report       cwe: [Array],
24 silly audit report       cvss: [Object]
24 silly audit report     },
24 silly audit report     {
24 silly audit report       id: 1105461,
24 silly audit report       url: 'https://github.com/advisories/GHSA-3h52-269p-cp9r',
24 silly audit report       title: 'Information exposure in Next.js dev server due to lack of origin verification',
24 silly audit report       severity: 'low',
24 silly audit report       vulnerable_versions: '>=13.0 <14.2.30',
24 silly audit report       cwe: [Array],
24 silly audit report       cvss: [Object]
24 silly audit report     }
24 silly audit report   ]
24 silly audit report }
25 silly packumentCache corgi:https://registry.npmjs.org/@babel%2fruntime cache-miss
26 silly packumentCache corgi:https://registry.npmjs.org/brace-expansion cache-miss
27 silly packumentCache corgi:https://registry.npmjs.org/axios cache-miss
28 silly packumentCache corgi:https://registry.npmjs.org/cookie cache-miss
29 silly packumentCache corgi:https://registry.npmjs.org/cross-spawn cache-miss
30 silly packumentCache corgi:https://registry.npmjs.org/micromatch cache-miss
31 silly packumentCache corgi:https://registry.npmjs.org/nanoid cache-miss
32 silly packumentCache corgi:https://registry.npmjs.org/next cache-miss
33 http fetch GET 200 https://registry.npmjs.org/@types/qs/-/qs-6.14.0.tgz 476ms (cache miss)
34 http cache https://registry.npmjs.org/brace-expansion 304ms (cache hit)
35 silly packumentCache corgi:https://registry.npmjs.org/brace-expansion set size:16192 disposed:false
36 http cache https://registry.npmjs.org/cross-spawn 306ms (cache hit)
37 silly packumentCache corgi:https://registry.npmjs.org/cross-spawn set size:44626 disposed:false
38 http cache https://registry.npmjs.org/cookie 321ms (cache hit)
39 silly packumentCache corgi:https://registry.npmjs.org/cookie set size:22175 disposed:false
40 http cache https://registry.npmjs.org/micromatch 321ms (cache hit)
41 silly packumentCache corgi:https://registry.npmjs.org/micromatch set size:71776 disposed:false
42 http cache https://registry.npmjs.org/@babel%2fruntime 356ms (cache hit)
43 silly packumentCache corgi:https://registry.npmjs.org/@babel%2fruntime set size:215468 disposed:false
44 http cache https://registry.npmjs.org/axios 380ms (cache hit)
45 silly packumentCache corgi:https://registry.npmjs.org/axios set size:242627 disposed:false
46 http cache https://registry.npmjs.org/next 650ms (cache hit)
47 silly packumentCache corgi:https://registry.npmjs.org/next set size:20338287 disposed:false
48 http cache https://registry.npmjs.org/nanoid 3209ms (cache hit)
49 silly packumentCache corgi:https://registry.npmjs.org/nanoid set size:143800 disposed:false
50 silly packumentCache corgi:https://registry.npmjs.org/@emotion%2fbabel-plugin cache-miss
51 silly packumentCache corgi:https://registry.npmjs.org/@emotion%2freact cache-miss
52 silly packumentCache corgi:https://registry.npmjs.org/@emotion%2fstyled cache-miss
53 silly packumentCache corgi:https://registry.npmjs.org/babel-plugin-macros cache-miss
54 silly packumentCache corgi:https://registry.npmjs.org/date-fns cache-miss
55 silly packumentCache corgi:https://registry.npmjs.org/eslint-plugin-jsx-a11y cache-miss
56 silly packumentCache corgi:https://registry.npmjs.org/next-auth cache-miss
57 silly packumentCache corgi:https://registry.npmjs.org/react-clientside-effect cache-miss
58 silly packumentCache corgi:https://registry.npmjs.org/react-focus-lock cache-miss
59 http cache https://registry.npmjs.org/@emotion%2freact 1880ms (cache hit)
60 silly packumentCache corgi:https://registry.npmjs.org/@emotion%2freact set size:78830 disposed:false
61 http cache https://registry.npmjs.org/babel-plugin-macros 1891ms (cache hit)
62 silly packumentCache corgi:https://registry.npmjs.org/babel-plugin-macros set size:48216 disposed:false
63 http cache https://registry.npmjs.org/@emotion%2fbabel-plugin 1903ms (cache hit)
64 silly packumentCache corgi:https://registry.npmjs.org/@emotion%2fbabel-plugin set size:44116 disposed:false
65 http cache https://registry.npmjs.org/@emotion%2fstyled 1907ms (cache hit)
66 silly packumentCache corgi:https://registry.npmjs.org/@emotion%2fstyled set size:152331 disposed:false
67 http cache https://registry.npmjs.org/date-fns 1915ms (cache hit)
68 silly packumentCache corgi:https://registry.npmjs.org/date-fns set size:393931 disposed:false
69 http cache https://registry.npmjs.org/eslint-plugin-jsx-a11y 1934ms (cache hit)
70 silly packumentCache corgi:https://registry.npmjs.org/eslint-plugin-jsx-a11y set size:108835 disposed:false
71 http cache https://registry.npmjs.org/react-focus-lock 1938ms (cache hit)
72 silly packumentCache corgi:https://registry.npmjs.org/react-focus-lock set size:238718 disposed:false
73 http cache https://registry.npmjs.org/next-auth 1958ms (cache hit)
74 silly packumentCache corgi:https://registry.npmjs.org/next-auth set size:1803594 disposed:false
75 http cache https://registry.npmjs.org/react-clientside-effect 1991ms (cache hit)
76 silly packumentCache corgi:https://registry.npmjs.org/react-clientside-effect set size:21763 disposed:false
77 silly packumentCache corgi:https://registry.npmjs.org/minimatch cache-miss
78 http cache https://registry.npmjs.org/minimatch 10ms (cache hit)
79 silly packumentCache corgi:https://registry.npmjs.org/minimatch set size:143741 disposed:false
80 silly packumentCache corgi:https://registry.npmjs.org/@types%2faxios cache-miss
81 http cache https://registry.npmjs.org/@types%2faxios 13ms (cache hit)
82 silly packumentCache corgi:https://registry.npmjs.org/@types%2faxios set size:12246 disposed:false
83 silly packumentCache corgi:https://registry.npmjs.org/cross-env cache-miss
84 silly packumentCache corgi:https://registry.npmjs.org/eslint cache-miss
85 silly packumentCache corgi:https://registry.npmjs.org/foreground-child cache-miss
86 http cache https://registry.npmjs.org/cross-env 19ms (cache hit)
87 silly packumentCache corgi:https://registry.npmjs.org/cross-env set size:56537 disposed:false
88 http cache https://registry.npmjs.org/eslint 29ms (cache hit)
89 silly packumentCache corgi:https://registry.npmjs.org/eslint set size:1063595 disposed:false
90 http cache https://registry.npmjs.org/foreground-child 62ms (cache hit)
91 silly packumentCache corgi:https://registry.npmjs.org/foreground-child set size:21249 disposed:false
92 silly packumentCache corgi:https://registry.npmjs.org/fast-glob cache-miss
93 http cache https://registry.npmjs.org/fast-glob 10ms (cache hit)
94 silly packumentCache corgi:https://registry.npmjs.org/fast-glob set size:86036 disposed:false
95 silly packumentCache corgi:https://registry.npmjs.org/postcss cache-miss
96 http cache https://registry.npmjs.org/postcss 13ms (cache hit)
97 silly packumentCache corgi:https://registry.npmjs.org/postcss set size:337129 disposed:false
98 silly ADD node_modules/@types/qs
99 verbose cwd C:\projetos\sys-rbx-frontend
100 verbose os Windows_NT 10.0.19045
101 verbose node v22.14.0
102 verbose npm  v11.4.0
103 verbose exit 0
104 info ok
